{"C:\\Users\\jess_\\Desktop\\DAM\\glowcars\\src\\App.js": {"path":"C:\\Users\\jess_\\Desktop\\DAM\\glowcars\\src\\App.js","statementMap":{"0":{"start":{"line":20,"column":23},"end":{"line":29,"column":1}},"1":{"start":{"line":21,"column":15},"end":{"line":21,"column":56}},"2":{"start":{"line":23,"column":2},"end":{"line":26,"column":3}},"3":{"start":{"line":25,"column":4},"end":{"line":25,"column":44}},"4":{"start":{"line":28,"column":2},"end":{"line":28,"column":18}},"5":{"start":{"line":32,"column":2},"end":{"line":80,"column":4}}},"fnMap":{"0":{"name":"(anonymous_0)","decl":{"start":{"line":20,"column":23},"end":{"line":20,"column":24}},"loc":{"start":{"line":20,"column":41},"end":{"line":29,"column":1}},"line":20},"1":{"name":"App","decl":{"start":{"line":31,"column":9},"end":{"line":31,"column":12}},"loc":{"start":{"line":31,"column":15},"end":{"line":81,"column":1}},"line":31}},"branchMap":{"0":{"loc":{"start":{"line":23,"column":2},"end":{"line":26,"column":3}},"type":"if","locations":[{"start":{"line":23,"column":2},"end":{"line":26,"column":3}},{"start":{},"end":{}}],"line":23}},"s":{"0":1,"1":2,"2":2,"3":1,"4":1,"5":4},"f":{"0":2,"1":4},"b":{"0":[1,1]},"_coverageSchema":"1a1c01bbd47fc00a2c39e90264f33305004495a9","hash":"d6132fc4eaf84da876fa1322446ca9fb923e7db7"}
,"C:\\Users\\jess_\\Desktop\\DAM\\glowcars\\src\\index.js": {"path":"C:\\Users\\jess_\\Desktop\\DAM\\glowcars\\src\\index.js","statementMap":{"0":{"start":{"line":7,"column":13},"end":{"line":7,"column":65}},"1":{"start":{"line":8,"column":0},"end":{"line":10,"column":2}},"2":{"start":{"line":15,"column":0},"end":{"line":15,"column":18}}},"fnMap":{},"branchMap":{},"s":{"0":0,"1":0,"2":0},"f":{},"b":{}}
,"C:\\Users\\jess_\\Desktop\\DAM\\glowcars\\src\\reportWebVitals.js": {"path":"C:\\Users\\jess_\\Desktop\\DAM\\glowcars\\src\\reportWebVitals.js","statementMap":{"0":{"start":{"line":1,"column":24},"end":{"line":11,"column":1}},"1":{"start":{"line":2,"column":2},"end":{"line":10,"column":3}},"2":{"start":{"line":3,"column":4},"end":{"line":9,"column":7}},"3":{"start":{"line":4,"column":6},"end":{"line":4,"column":26}},"4":{"start":{"line":5,"column":6},"end":{"line":5,"column":26}},"5":{"start":{"line":6,"column":6},"end":{"line":6,"column":26}},"6":{"start":{"line":7,"column":6},"end":{"line":7,"column":26}},"7":{"start":{"line":8,"column":6},"end":{"line":8,"column":27}}},"fnMap":{"0":{"name":"(anonymous_0)","decl":{"start":{"line":1,"column":24},"end":{"line":1,"column":25}},"loc":{"start":{"line":1,"column":39},"end":{"line":11,"column":1}},"line":1},"1":{"name":"(anonymous_1)","decl":{"start":{"line":3,"column":30},"end":{"line":3,"column":31}},"loc":{"start":{"line":3,"column":79},"end":{"line":9,"column":5}},"line":3}},"branchMap":{"0":{"loc":{"start":{"line":2,"column":2},"end":{"line":10,"column":3}},"type":"if","locations":[{"start":{"line":2,"column":2},"end":{"line":10,"column":3}},{"start":{},"end":{}}],"line":2},"1":{"loc":{"start":{"line":2,"column":6},"end":{"line":2,"column":52}},"type":"binary-expr","locations":[{"start":{"line":2,"column":6},"end":{"line":2,"column":17}},{"start":{"line":2,"column":21},"end":{"line":2,"column":52}}],"line":2}},"s":{"0":0,"1":0,"2":0,"3":0,"4":0,"5":0,"6":0,"7":0},"f":{"0":0,"1":0},"b":{"0":[0,0],"1":[0,0]}}
,"C:\\Users\\jess_\\Desktop\\DAM\\glowcars\\src\\common\\footer.js": {"path":"C:\\Users\\jess_\\Desktop\\DAM\\glowcars\\src\\common\\footer.js","statementMap":{"0":{"start":{"line":3,"column":15},"end":{"line":20,"column":1}},"1":{"start":{"line":5,"column":4},"end":{"line":19,"column":6}},"2":{"start":{"line":23,"column":20},"end":{"line":23,"column":88}},"3":{"start":{"line":24,"column":19},"end":{"line":24,"column":128}},"4":{"start":{"line":25,"column":19},"end":{"line":28,"column":1}},"5":{"start":{"line":29,"column":20},"end":{"line":29,"column":115}},"6":{"start":{"line":30,"column":23},"end":{"line":38,"column":1}}},"fnMap":{"0":{"name":"(anonymous_0)","decl":{"start":{"line":3,"column":15},"end":{"line":3,"column":16}},"loc":{"start":{"line":3,"column":21},"end":{"line":20,"column":1}},"line":3}},"branchMap":{},"s":{"0":3,"1":20,"2":3,"3":3,"4":3,"5":3,"6":3},"f":{"0":20},"b":{},"_coverageSchema":"1a1c01bbd47fc00a2c39e90264f33305004495a9","hash":"dcecf0fac2006b9219b8fe3f555268e7807c3b7f"}
,"C:\\Users\\jess_\\Desktop\\DAM\\glowcars\\src\\common\\header.js": {"path":"C:\\Users\\jess_\\Desktop\\DAM\\glowcars\\src\\common\\header.js","statementMap":{"0":{"start":{"line":6,"column":15},"end":{"line":116,"column":1}},"1":{"start":{"line":7,"column":21},"end":{"line":7,"column":34}},"2":{"start":{"line":8,"column":21},"end":{"line":8,"column":34}},"3":{"start":{"line":9,"column":28},"end":{"line":9,"column":40}},"4":{"start":{"line":10,"column":42},"end":{"line":10,"column":57}},"5":{"start":{"line":11,"column":40},"end":{"line":11,"column":55}},"6":{"start":{"line":13,"column":4},"end":{"line":40,"column":11}},"7":{"start":{"line":14,"column":24},"end":{"line":14,"column":65}},"8":{"start":{"line":15,"column":8},"end":{"line":39,"column":9}},"9":{"start":{"line":16,"column":12},"end":{"line":16,"column":32}},"10":{"start":{"line":17,"column":29},"end":{"line":17,"column":48}},"11":{"start":{"line":18,"column":12},"end":{"line":18,"column":30}},"12":{"start":{"line":20,"column":12},"end":{"line":38,"column":13}},"13":{"start":{"line":27,"column":20},"end":{"line":27,"column":39}},"14":{"start":{"line":28,"column":20},"end":{"line":28,"column":26}},"15":{"start":{"line":37,"column":20},"end":{"line":37,"column":26}},"16":{"start":{"line":42,"column":25},"end":{"line":47,"column":5}},"17":{"start":{"line":43,"column":8},"end":{"line":43,"column":28}},"18":{"start":{"line":44,"column":8},"end":{"line":44,"column":53}},"19":{"start":{"line":45,"column":8},"end":{"line":45,"column":29}},"20":{"start":{"line":46,"column":8},"end":{"line":46,"column":26}},"21":{"start":{"line":48,"column":28},"end":{"line":51,"column":5}},"22":{"start":{"line":49,"column":8},"end":{"line":49,"column":28}},"23":{"start":{"line":50,"column":8},"end":{"line":50,"column":28}},"24":{"start":{"line":53,"column":25},"end":{"line":63,"column":6}},"25":{"start":{"line":53,"column":44},"end":{"line":63,"column":5}},"26":{"start":{"line":65,"column":4},"end":{"line":115,"column":6}},"27":{"start":{"line":67,"column":77},"end":{"line":67,"column":94}},"28":{"start":{"line":86,"column":67},"end":{"line":86,"column":95}},"29":{"start":{"line":106,"column":50},"end":{"line":109,"column":25}},"30":{"start":{"line":119,"column":20},"end":{"line":122,"column":1}},"31":{"start":{"line":123,"column":19},"end":{"line":123,"column":73}},"32":{"start":{"line":124,"column":22},"end":{"line":124,"column":95}},"33":{"start":{"line":125,"column":21},"end":{"line":128,"column":1}},"34":{"start":{"line":129,"column":23},"end":{"line":129,"column":42}},"35":{"start":{"line":130,"column":20},"end":{"line":130,"column":44}},"36":{"start":{"line":131,"column":23},"end":{"line":131,"column":95}},"37":{"start":{"line":132,"column":22},"end":{"line":136,"column":1}},"38":{"start":{"line":137,"column":26},"end":{"line":140,"column":1}}},"fnMap":{"0":{"name":"(anonymous_0)","decl":{"start":{"line":6,"column":15},"end":{"line":6,"column":16}},"loc":{"start":{"line":6,"column":21},"end":{"line":116,"column":1}},"line":6},"1":{"name":"(anonymous_1)","decl":{"start":{"line":13,"column":14},"end":{"line":13,"column":15}},"loc":{"start":{"line":13,"column":20},"end":{"line":40,"column":5}},"line":13},"2":{"name":"(anonymous_2)","decl":{"start":{"line":42,"column":25},"end":{"line":42,"column":26}},"loc":{"start":{"line":42,"column":32},"end":{"line":47,"column":5}},"line":42},"3":{"name":"(anonymous_3)","decl":{"start":{"line":48,"column":28},"end":{"line":48,"column":29}},"loc":{"start":{"line":48,"column":35},"end":{"line":51,"column":5}},"line":48},"4":{"name":"(anonymous_4)","decl":{"start":{"line":53,"column":25},"end":{"line":53,"column":26}},"loc":{"start":{"line":53,"column":44},"end":{"line":63,"column":5}},"line":53},"5":{"name":"(anonymous_5)","decl":{"start":{"line":67,"column":71},"end":{"line":67,"column":72}},"loc":{"start":{"line":67,"column":77},"end":{"line":67,"column":94}},"line":67},"6":{"name":"(anonymous_6)","decl":{"start":{"line":86,"column":61},"end":{"line":86,"column":62}},"loc":{"start":{"line":86,"column":67},"end":{"line":86,"column":95}},"line":86},"7":{"name":"(anonymous_7)","decl":{"start":{"line":106,"column":31},"end":{"line":106,"column":32}},"loc":{"start":{"line":106,"column":50},"end":{"line":109,"column":25}},"line":106}},"branchMap":{"0":{"loc":{"start":{"line":15,"column":8},"end":{"line":39,"column":9}},"type":"if","locations":[{"start":{"line":15,"column":8},"end":{"line":39,"column":9}},{"start":{"line":19,"column":15},"end":{"line":39,"column":9}}],"line":15},"1":{"loc":{"start":{"line":20,"column":12},"end":{"line":38,"column":13}},"type":"switch","locations":[{"start":{"line":21,"column":16},"end":{"line":21,"column":31}},{"start":{"line":22,"column":16},"end":{"line":22,"column":37}},{"start":{"line":23,"column":16},"end":{"line":23,"column":42}},{"start":{"line":24,"column":16},"end":{"line":24,"column":30}},{"start":{"line":25,"column":16},"end":{"line":25,"column":38}},{"start":{"line":26,"column":16},"end":{"line":28,"column":26}},{"start":{"line":30,"column":16},"end":{"line":30,"column":30}},{"start":{"line":31,"column":16},"end":{"line":31,"column":33}},{"start":{"line":32,"column":16},"end":{"line":32,"column":29}},{"start":{"line":33,"column":16},"end":{"line":33,"column":34}},{"start":{"line":34,"column":16},"end":{"line":34,"column":34}},{"start":{"line":35,"column":16},"end":{"line":35,"column":32}},{"start":{"line":36,"column":16},"end":{"line":37,"column":26}}],"line":20},"2":{"loc":{"start":{"line":59,"column":17},"end":{"line":59,"column":35}},"type":"cond-expr","locations":[{"start":{"line":59,"column":28},"end":{"line":59,"column":29}},{"start":{"line":59,"column":32},"end":{"line":59,"column":35}}],"line":59},"3":{"loc":{"start":{"line":61,"column":15},"end":{"line":61,"column":45}},"type":"cond-expr","locations":[{"start":{"line":61,"column":26},"end":{"line":61,"column":35}},{"start":{"line":61,"column":38},"end":{"line":61,"column":45}}],"line":61},"4":{"loc":{"start":{"line":83,"column":17},"end":{"line":112,"column":17}},"type":"cond-expr","locations":[{"start":{"line":85,"column":20},"end":{"line":102,"column":23}},{"start":{"line":104,"column":20},"end":{"line":111,"column":30}}],"line":83},"5":{"loc":{"start":{"line":92,"column":25},"end":{"line":101,"column":25}},"type":"binary-expr","locations":[{"start":{"line":92,"column":25},"end":{"line":92,"column":36}},{"start":{"line":93,"column":28},"end":{"line":100,"column":34}}],"line":92},"6":{"loc":{"start":{"line":108,"column":35},"end":{"line":108,"column":65}},"type":"cond-expr","locations":[{"start":{"line":108,"column":46},"end":{"line":108,"column":55}},{"start":{"line":108,"column":58},"end":{"line":108,"column":65}}],"line":108}},"s":{"0":3,"1":33,"2":33,"3":33,"4":33,"5":33,"6":33,"7":13,"8":13,"9":8,"10":8,"11":8,"12":5,"13":0,"14":0,"15":5,"16":33,"17":1,"18":1,"19":1,"20":1,"21":33,"22":0,"23":0,"24":33,"25":99,"26":33,"27":0,"28":3,"29":15,"30":3,"31":3,"32":3,"33":3,"34":3,"35":3,"36":3,"37":3,"38":3},"f":{"0":33,"1":13,"2":1,"3":0,"4":99,"5":0,"6":3,"7":15},"b":{"0":[8,5],"1":[0,0,0,0,0,0,1,1,4,4,4,4,5],"2":[0,99],"3":[0,99],"4":[18,15],"5":[18,3],"6":[1,14]},"_coverageSchema":"1a1c01bbd47fc00a2c39e90264f33305004495a9","hash":"0eb32eb601052ac963e99213976444e95bfb188f"}
,"C:\\Users\\jess_\\Desktop\\DAM\\glowcars\\src\\pages\\AltaVehiculo.js": {"path":"C:\\Users\\jess_\\Desktop\\DAM\\glowcars\\src\\pages\\AltaVehiculo.js","statementMap":{"0":{"start":{"line":9,"column":21},"end":{"line":138,"column":1}},"1":{"start":{"line":11,"column":21},"end":{"line":11,"column":34}},"2":{"start":{"line":12,"column":28},"end":{"line":12,"column":82}},"3":{"start":{"line":13,"column":38},"end":{"line":13,"column":53}},"4":{"start":{"line":16,"column":46},"end":{"line":18,"column":6}},"5":{"start":{"line":20,"column":33},"end":{"line":22,"column":5}},"6":{"start":{"line":21,"column":8},"end":{"line":21,"column":80}},"7":{"start":{"line":25,"column":4},"end":{"line":33,"column":19}},"8":{"start":{"line":26,"column":24},"end":{"line":26,"column":65}},"9":{"start":{"line":27,"column":30},"end":{"line":27,"column":49}},"10":{"start":{"line":28,"column":8},"end":{"line":32,"column":11}},"11":{"start":{"line":35,"column":27},"end":{"line":55,"column":5}},"12":{"start":{"line":36,"column":8},"end":{"line":36,"column":27}},"13":{"start":{"line":38,"column":8},"end":{"line":54,"column":9}},"14":{"start":{"line":39,"column":33},"end":{"line":39,"column":66}},"15":{"start":{"line":40,"column":30},"end":{"line":40,"column":53}},"16":{"start":{"line":41,"column":26},"end":{"line":41,"column":45}},"17":{"start":{"line":42,"column":27},"end":{"line":42,"column":47}},"18":{"start":{"line":43,"column":25},"end":{"line":43,"column":43}},"19":{"start":{"line":44,"column":29},"end":{"line":44,"column":51}},"20":{"start":{"line":45,"column":32},"end":{"line":45,"column":39}},"21":{"start":{"line":46,"column":33},"end":{"line":46,"column":122}},"22":{"start":{"line":47,"column":12},"end":{"line":49,"column":13}},"23":{"start":{"line":48,"column":16},"end":{"line":48,"column":35}},"24":{"start":{"line":52,"column":12},"end":{"line":52,"column":58}},"25":{"start":{"line":53,"column":12},"end":{"line":53,"column":59}},"26":{"start":{"line":57,"column":25},"end":{"line":60,"column":5}},"27":{"start":{"line":58,"column":8},"end":{"line":58,"column":28}},"28":{"start":{"line":59,"column":8},"end":{"line":59,"column":28}},"29":{"start":{"line":62,"column":4},"end":{"line":137,"column":6}},"30":{"start":{"line":95,"column":36},"end":{"line":97,"column":37}},"31":{"start":{"line":96,"column":40},"end":{"line":96,"column":84}},"32":{"start":{"line":126,"column":51},"end":{"line":126,"column":65}},"33":{"start":{"line":141,"column":15},"end":{"line":141,"column":144}},"34":{"start":{"line":142,"column":27},"end":{"line":142,"column":142}},"35":{"start":{"line":143,"column":25},"end":{"line":143,"column":101}},"36":{"start":{"line":144,"column":25},"end":{"line":144,"column":115}},"37":{"start":{"line":145,"column":22},"end":{"line":145,"column":79}},"38":{"start":{"line":146,"column":24},"end":{"line":146,"column":125}},"39":{"start":{"line":147,"column":23},"end":{"line":147,"column":134}},"40":{"start":{"line":148,"column":24},"end":{"line":148,"column":99}},"41":{"start":{"line":149,"column":19},"end":{"line":149,"column":60}},"42":{"start":{"line":150,"column":19},"end":{"line":150,"column":152}},"43":{"start":{"line":151,"column":26},"end":{"line":151,"column":93}},"44":{"start":{"line":152,"column":25},"end":{"line":155,"column":1}},"45":{"start":{"line":156,"column":26},"end":{"line":167,"column":1}},"46":{"start":{"line":168,"column":26},"end":{"line":176,"column":1}},"47":{"start":{"line":177,"column":26},"end":{"line":177,"column":103}},"48":{"start":{"line":178,"column":24},"end":{"line":178,"column":146}}},"fnMap":{"0":{"name":"(anonymous_0)","decl":{"start":{"line":9,"column":21},"end":{"line":9,"column":22}},"loc":{"start":{"line":9,"column":27},"end":{"line":138,"column":1}},"line":9},"1":{"name":"(anonymous_1)","decl":{"start":{"line":20,"column":33},"end":{"line":20,"column":34}},"loc":{"start":{"line":20,"column":40},"end":{"line":22,"column":5}},"line":20},"2":{"name":"(anonymous_2)","decl":{"start":{"line":25,"column":14},"end":{"line":25,"column":15}},"loc":{"start":{"line":25,"column":20},"end":{"line":33,"column":5}},"line":25},"3":{"name":"(anonymous_3)","decl":{"start":{"line":35,"column":27},"end":{"line":35,"column":28}},"loc":{"start":{"line":35,"column":40},"end":{"line":55,"column":5}},"line":35},"4":{"name":"(anonymous_4)","decl":{"start":{"line":57,"column":25},"end":{"line":57,"column":26}},"loc":{"start":{"line":57,"column":38},"end":{"line":60,"column":5}},"line":57},"5":{"name":"(anonymous_5)","decl":{"start":{"line":94,"column":41},"end":{"line":94,"column":42}},"loc":{"start":{"line":94,"column":48},"end":{"line":98,"column":33}},"line":94},"6":{"name":"(anonymous_6)","decl":{"start":{"line":126,"column":45},"end":{"line":126,"column":46}},"loc":{"start":{"line":126,"column":51},"end":{"line":126,"column":65}},"line":126}},"branchMap":{"0":{"loc":{"start":{"line":47,"column":12},"end":{"line":49,"column":13}},"type":"if","locations":[{"start":{"line":47,"column":12},"end":{"line":49,"column":13}},{"start":{},"end":{}}],"line":47},"1":{"loc":{"start":{"line":47,"column":16},"end":{"line":47,"column":74}},"type":"binary-expr","locations":[{"start":{"line":47,"column":16},"end":{"line":47,"column":43}},{"start":{"line":47,"column":47},"end":{"line":47,"column":74}}],"line":47},"2":{"loc":{"start":{"line":95,"column":36},"end":{"line":97,"column":37}},"type":"if","locations":[{"start":{"line":95,"column":36},"end":{"line":97,"column":37}},{"start":{},"end":{}}],"line":95},"3":{"loc":{"start":{"line":117,"column":16},"end":{"line":134,"column":17}},"type":"binary-expr","locations":[{"start":{"line":117,"column":16},"end":{"line":117,"column":25}},{"start":{"line":118,"column":20},"end":{"line":133,"column":26}}],"line":117}},"s":{"0":2,"1":13,"2":13,"3":13,"4":13,"5":13,"6":6,"7":13,"8":3,"9":3,"10":3,"11":13,"12":1,"13":1,"14":1,"15":1,"16":1,"17":1,"18":1,"19":1,"20":1,"21":1,"22":1,"23":1,"24":0,"25":0,"26":13,"27":0,"28":0,"29":13,"30":0,"31":0,"32":0,"33":2,"34":2,"35":2,"36":2,"37":2,"38":2,"39":2,"40":2,"41":2,"42":2,"43":2,"44":2,"45":2,"46":2,"47":2,"48":2},"f":{"0":13,"1":6,"2":3,"3":1,"4":0,"5":0,"6":0},"b":{"0":[1,0],"1":[1,1],"2":[0,0],"3":[13,1]},"_coverageSchema":"1a1c01bbd47fc00a2c39e90264f33305004495a9","hash":"e20bc5f5933bd7ec9d64f3fb701afdc3af1d4067"}
,"C:\\Users\\jess_\\Desktop\\DAM\\glowcars\\src\\pages\\Citas.js": {"path":"C:\\Users\\jess_\\Desktop\\DAM\\glowcars\\src\\pages\\Citas.js","statementMap":{"0":{"start":{"line":8,"column":14},"end":{"line":162,"column":1}},"1":{"start":{"line":9,"column":21},"end":{"line":9,"column":34}},"2":{"start":{"line":10,"column":21},"end":{"line":10,"column":34}},"3":{"start":{"line":11,"column":28},"end":{"line":11,"column":82}},"4":{"start":{"line":12,"column":38},"end":{"line":12,"column":50}},"5":{"start":{"line":15,"column":33},"end":{"line":15,"column":67}},"6":{"start":{"line":17,"column":36},"end":{"line":23,"column":6}},"7":{"start":{"line":26,"column":4},"end":{"line":43,"column":31}},"8":{"start":{"line":27,"column":24},"end":{"line":27,"column":65}},"9":{"start":{"line":28,"column":30},"end":{"line":28,"column":49}},"10":{"start":{"line":29,"column":8},"end":{"line":33,"column":11}},"11":{"start":{"line":36,"column":8},"end":{"line":36,"column":69}},"12":{"start":{"line":36,"column":29},"end":{"line":36,"column":66}},"13":{"start":{"line":38,"column":8},"end":{"line":38,"column":37}},"14":{"start":{"line":40,"column":8},"end":{"line":42,"column":9}},"15":{"start":{"line":41,"column":12},"end":{"line":41,"column":75}},"16":{"start":{"line":41,"column":33},"end":{"line":41,"column":72}},"17":{"start":{"line":46,"column":23},"end":{"line":56,"column":5}},"18":{"start":{"line":47,"column":8},"end":{"line":55,"column":9}},"19":{"start":{"line":48,"column":33},"end":{"line":48,"column":66}},"20":{"start":{"line":49,"column":33},"end":{"line":49,"column":75}},"21":{"start":{"line":50,"column":12},"end":{"line":50,"column":44}},"22":{"start":{"line":53,"column":12},"end":{"line":53,"column":60}},"23":{"start":{"line":58,"column":25},"end":{"line":60,"column":5}},"24":{"start":{"line":59,"column":8},"end":{"line":59,"column":70}},"25":{"start":{"line":63,"column":27},"end":{"line":81,"column":5}},"26":{"start":{"line":64,"column":8},"end":{"line":64,"column":27}},"27":{"start":{"line":66,"column":8},"end":{"line":80,"column":9}},"28":{"start":{"line":67,"column":28},"end":{"line":67,"column":62}},"29":{"start":{"line":68,"column":29},"end":{"line":68,"column":46}},"30":{"start":{"line":69,"column":26},"end":{"line":69,"column":40}},"31":{"start":{"line":70,"column":25},"end":{"line":70,"column":38}},"32":{"start":{"line":71,"column":27},"end":{"line":71,"column":42}},"33":{"start":{"line":72,"column":27},"end":{"line":72,"column":42}},"34":{"start":{"line":73,"column":12},"end":{"line":73,"column":33}},"35":{"start":{"line":74,"column":30},"end":{"line":74,"column":98}},"36":{"start":{"line":75,"column":12},"end":{"line":75,"column":32}},"37":{"start":{"line":78,"column":12},"end":{"line":78,"column":58}},"38":{"start":{"line":79,"column":12},"end":{"line":79,"column":59}},"39":{"start":{"line":83,"column":4},"end":{"line":161,"column":6}},"40":{"start":{"line":107,"column":36},"end":{"line":107,"column":109}},"41":{"start":{"line":165,"column":27},"end":{"line":165,"column":121}},"42":{"start":{"line":166,"column":25},"end":{"line":166,"column":101}},"43":{"start":{"line":167,"column":20},"end":{"line":167,"column":77}},"44":{"start":{"line":168,"column":19},"end":{"line":168,"column":120}},"45":{"start":{"line":169,"column":22},"end":{"line":169,"column":62}},"46":{"start":{"line":170,"column":18},"end":{"line":170,"column":75}},"47":{"start":{"line":171,"column":19},"end":{"line":171,"column":94}},"48":{"start":{"line":172,"column":19},"end":{"line":172,"column":60}},"49":{"start":{"line":173,"column":19},"end":{"line":173,"column":149}},"50":{"start":{"line":174,"column":26},"end":{"line":184,"column":1}}},"fnMap":{"0":{"name":"(anonymous_0)","decl":{"start":{"line":8,"column":14},"end":{"line":8,"column":15}},"loc":{"start":{"line":8,"column":20},"end":{"line":162,"column":1}},"line":8},"1":{"name":"(anonymous_1)","decl":{"start":{"line":26,"column":14},"end":{"line":26,"column":15}},"loc":{"start":{"line":26,"column":20},"end":{"line":43,"column":5}},"line":26},"2":{"name":"(anonymous_2)","decl":{"start":{"line":36,"column":20},"end":{"line":36,"column":21}},"loc":{"start":{"line":36,"column":29},"end":{"line":36,"column":66}},"line":36},"3":{"name":"(anonymous_3)","decl":{"start":{"line":41,"column":24},"end":{"line":41,"column":25}},"loc":{"start":{"line":41,"column":33},"end":{"line":41,"column":72}},"line":41},"4":{"name":"(anonymous_4)","decl":{"start":{"line":46,"column":23},"end":{"line":46,"column":24}},"loc":{"start":{"line":46,"column":41},"end":{"line":56,"column":5}},"line":46},"5":{"name":"(anonymous_5)","decl":{"start":{"line":58,"column":25},"end":{"line":58,"column":26}},"loc":{"start":{"line":58,"column":32},"end":{"line":60,"column":5}},"line":58},"6":{"name":"(anonymous_6)","decl":{"start":{"line":63,"column":27},"end":{"line":63,"column":28}},"loc":{"start":{"line":63,"column":40},"end":{"line":81,"column":5}},"line":63},"7":{"name":"(anonymous_7)","decl":{"start":{"line":106,"column":47},"end":{"line":106,"column":48}},"loc":{"start":{"line":107,"column":36},"end":{"line":107,"column":109}},"line":107}},"branchMap":{"0":{"loc":{"start":{"line":15,"column":33},"end":{"line":15,"column":67}},"type":"binary-expr","locations":[{"start":{"line":15,"column":33},"end":{"line":15,"column":61}},{"start":{"line":15,"column":65},"end":{"line":15,"column":67}}],"line":15},"1":{"loc":{"start":{"line":40,"column":8},"end":{"line":42,"column":9}},"type":"if","locations":[{"start":{"line":40,"column":8},"end":{"line":42,"column":9}},{"start":{},"end":{}}],"line":40}},"s":{"0":1,"1":0,"2":0,"3":0,"4":0,"5":0,"6":0,"7":0,"8":0,"9":0,"10":0,"11":0,"12":0,"13":0,"14":0,"15":0,"16":0,"17":0,"18":0,"19":0,"20":0,"21":0,"22":0,"23":0,"24":0,"25":0,"26":0,"27":0,"28":0,"29":0,"30":0,"31":0,"32":0,"33":0,"34":0,"35":0,"36":0,"37":0,"38":0,"39":0,"40":0,"41":1,"42":1,"43":1,"44":1,"45":1,"46":1,"47":1,"48":1,"49":1,"50":1},"f":{"0":0,"1":0,"2":0,"3":0,"4":0,"5":0,"6":0,"7":0},"b":{"0":[0,0],"1":[0,0]},"_coverageSchema":"1a1c01bbd47fc00a2c39e90264f33305004495a9","hash":"234074e1787c903f376452aa1fdff71223e2a636"}
,"C:\\Users\\jess_\\Desktop\\DAM\\glowcars\\src\\pages\\Conocenos.js": {"path":"C:\\Users\\jess_\\Desktop\\DAM\\glowcars\\src\\pages\\Conocenos.js","statementMap":{"0":{"start":{"line":8,"column":2},"end":{"line":71,"column":4}},"1":{"start":{"line":75,"column":27},"end":{"line":75,"column":114}},"2":{"start":{"line":76,"column":25},"end":{"line":76,"column":119}},"3":{"start":{"line":77,"column":27},"end":{"line":77,"column":121}},"4":{"start":{"line":78,"column":24},"end":{"line":78,"column":54}},"5":{"start":{"line":79,"column":23},"end":{"line":79,"column":164}},"6":{"start":{"line":80,"column":33},"end":{"line":80,"column":84}},"7":{"start":{"line":81,"column":18},"end":{"line":81,"column":117}},"8":{"start":{"line":82,"column":25},"end":{"line":92,"column":1}},"9":{"start":{"line":93,"column":28},"end":{"line":93,"column":111}},"10":{"start":{"line":94,"column":23},"end":{"line":103,"column":1}},"11":{"start":{"line":104,"column":23},"end":{"line":104,"column":93}},"12":{"start":{"line":105,"column":24},"end":{"line":105,"column":106}},"13":{"start":{"line":106,"column":23},"end":{"line":106,"column":82}}},"fnMap":{"0":{"name":"Conocenos","decl":{"start":{"line":6,"column":9},"end":{"line":6,"column":18}},"loc":{"start":{"line":6,"column":21},"end":{"line":72,"column":1}},"line":6}},"branchMap":{},"s":{"0":0,"1":1,"2":1,"3":1,"4":1,"5":1,"6":1,"7":1,"8":1,"9":1,"10":1,"11":1,"12":1,"13":1},"f":{"0":0},"b":{},"_coverageSchema":"1a1c01bbd47fc00a2c39e90264f33305004495a9","hash":"d0320fc3fcfc4ee3a7d88a61ca939cd92865974d"}
,"C:\\Users\\jess_\\Desktop\\DAM\\glowcars\\src\\pages\\Home.js": {"path":"C:\\Users\\jess_\\Desktop\\DAM\\glowcars\\src\\pages\\Home.js","statementMap":{"0":{"start":{"line":8,"column":19},"end":{"line":8,"column":32}},"1":{"start":{"line":10,"column":2},"end":{"line":62,"column":4}},"2":{"start":{"line":40,"column":54},"end":{"line":40,"column":76}},"3":{"start":{"line":42,"column":54},"end":{"line":42,"column":76}},"4":{"start":{"line":44,"column":54},"end":{"line":44,"column":72}},"5":{"start":{"line":66,"column":22},"end":{"line":66,"column":82}},"6":{"start":{"line":67,"column":18},"end":{"line":67,"column":71}},"7":{"start":{"line":68,"column":20},"end":{"line":68,"column":86}},"8":{"start":{"line":69,"column":19},"end":{"line":69,"column":73}},"9":{"start":{"line":70,"column":22},"end":{"line":70,"column":54}},"10":{"start":{"line":71,"column":26},"end":{"line":71,"column":37}},"11":{"start":{"line":72,"column":23},"end":{"line":72,"column":104}},"12":{"start":{"line":73,"column":20},"end":{"line":73,"column":100}},"13":{"start":{"line":74,"column":17},"end":{"line":76,"column":1}}},"fnMap":{"0":{"name":"Home","decl":{"start":{"line":7,"column":9},"end":{"line":7,"column":13}},"loc":{"start":{"line":7,"column":16},"end":{"line":63,"column":1}},"line":7},"1":{"name":"(anonymous_1)","decl":{"start":{"line":40,"column":48},"end":{"line":40,"column":49}},"loc":{"start":{"line":40,"column":54},"end":{"line":40,"column":76}},"line":40},"2":{"name":"(anonymous_2)","decl":{"start":{"line":42,"column":48},"end":{"line":42,"column":49}},"loc":{"start":{"line":42,"column":54},"end":{"line":42,"column":76}},"line":42},"3":{"name":"(anonymous_3)","decl":{"start":{"line":44,"column":48},"end":{"line":44,"column":49}},"loc":{"start":{"line":44,"column":54},"end":{"line":44,"column":72}},"line":44}},"branchMap":{},"s":{"0":2,"1":2,"2":0,"3":0,"4":0,"5":1,"6":1,"7":1,"8":1,"9":1,"10":1,"11":1,"12":1,"13":1},"f":{"0":2,"1":0,"2":0,"3":0},"b":{},"_coverageSchema":"1a1c01bbd47fc00a2c39e90264f33305004495a9","hash":"2eb555ab94a9db6d3b31de566557967cc7d778b4"}
,"C:\\Users\\jess_\\Desktop\\DAM\\glowcars\\src\\pages\\Login.js": {"path":"C:\\Users\\jess_\\Desktop\\DAM\\glowcars\\src\\pages\\Login.js","statementMap":{"0":{"start":{"line":9,"column":28},"end":{"line":9,"column":40}},"1":{"start":{"line":10,"column":34},"end":{"line":10,"column":46}},"2":{"start":{"line":11,"column":26},"end":{"line":11,"column":60}},"3":{"start":{"line":12,"column":42},"end":{"line":12,"column":57}},"4":{"start":{"line":14,"column":19},"end":{"line":14,"column":32}},"5":{"start":{"line":17,"column":22},"end":{"line":57,"column":3}},"6":{"start":{"line":18,"column":4},"end":{"line":18,"column":23}},"7":{"start":{"line":19,"column":4},"end":{"line":56,"column":5}},"8":{"start":{"line":20,"column":18},"end":{"line":20,"column":47}},"9":{"start":{"line":23,"column":24},"end":{"line":23,"column":66}},"10":{"start":{"line":26,"column":28},"end":{"line":26,"column":61}},"11":{"start":{"line":27,"column":24},"end":{"line":27,"column":53}},"12":{"start":{"line":28,"column":6},"end":{"line":28,"column":28}},"13":{"start":{"line":29,"column":27},"end":{"line":40,"column":7}},"14":{"start":{"line":42,"column":6},"end":{"line":42,"column":29}},"15":{"start":{"line":43,"column":6},"end":{"line":43,"column":78}},"16":{"start":{"line":45,"column":6},"end":{"line":45,"column":92}},"17":{"start":{"line":48,"column":6},"end":{"line":48,"column":50}},"18":{"start":{"line":48,"column":23},"end":{"line":48,"column":42}},"19":{"start":{"line":51,"column":6},"end":{"line":55,"column":7}},"20":{"start":{"line":52,"column":8},"end":{"line":52,"column":79}},"21":{"start":{"line":54,"column":8},"end":{"line":54,"column":76}},"22":{"start":{"line":59,"column":31},"end":{"line":66,"column":3}},"23":{"start":{"line":60,"column":4},"end":{"line":60,"column":23}},"24":{"start":{"line":61,"column":4},"end":{"line":65,"column":5}},"25":{"start":{"line":62,"column":6},"end":{"line":62,"column":90}},"26":{"start":{"line":64,"column":6},"end":{"line":64,"column":78}},"27":{"start":{"line":68,"column":23},"end":{"line":70,"column":3}},"28":{"start":{"line":69,"column":4},"end":{"line":69,"column":26}},"29":{"start":{"line":72,"column":2},"end":{"line":139,"column":4}},"30":{"start":{"line":88,"column":33},"end":{"line":88,"column":57}},"31":{"start":{"line":100,"column":35},"end":{"line":100,"column":62}},"32":{"start":{"line":105,"column":33},"end":{"line":105,"column":63}},"33":{"start":{"line":143,"column":27},"end":{"line":143,"column":114}},"34":{"start":{"line":144,"column":25},"end":{"line":147,"column":1}},"35":{"start":{"line":148,"column":22},"end":{"line":148,"column":96}},"36":{"start":{"line":149,"column":19},"end":{"line":149,"column":76}},"37":{"start":{"line":150,"column":23},"end":{"line":150,"column":98}},"38":{"start":{"line":151,"column":19},"end":{"line":151,"column":57}},"39":{"start":{"line":152,"column":19},"end":{"line":152,"column":122}},"40":{"start":{"line":153,"column":23},"end":{"line":156,"column":1}},"41":{"start":{"line":157,"column":23},"end":{"line":160,"column":1}}},"fnMap":{"0":{"name":"Login","decl":{"start":{"line":8,"column":9},"end":{"line":8,"column":14}},"loc":{"start":{"line":8,"column":17},"end":{"line":140,"column":1}},"line":8},"1":{"name":"(anonymous_1)","decl":{"start":{"line":17,"column":22},"end":{"line":17,"column":23}},"loc":{"start":{"line":17,"column":35},"end":{"line":57,"column":3}},"line":17},"2":{"name":"(anonymous_2)","decl":{"start":{"line":48,"column":17},"end":{"line":48,"column":18}},"loc":{"start":{"line":48,"column":23},"end":{"line":48,"column":42}},"line":48},"3":{"name":"(anonymous_3)","decl":{"start":{"line":59,"column":31},"end":{"line":59,"column":32}},"loc":{"start":{"line":59,"column":38},"end":{"line":66,"column":3}},"line":59},"4":{"name":"(anonymous_4)","decl":{"start":{"line":68,"column":23},"end":{"line":68,"column":24}},"loc":{"start":{"line":68,"column":29},"end":{"line":70,"column":3}},"line":68},"5":{"name":"(anonymous_5)","decl":{"start":{"line":88,"column":26},"end":{"line":88,"column":27}},"loc":{"start":{"line":88,"column":33},"end":{"line":88,"column":57}},"line":88},"6":{"name":"(anonymous_6)","decl":{"start":{"line":100,"column":28},"end":{"line":100,"column":29}},"loc":{"start":{"line":100,"column":35},"end":{"line":100,"column":62}},"line":100},"7":{"name":"(anonymous_7)","decl":{"start":{"line":105,"column":27},"end":{"line":105,"column":28}},"loc":{"start":{"line":105,"column":33},"end":{"line":105,"column":63}},"line":105}},"branchMap":{"0":{"loc":{"start":{"line":39,"column":15},"end":{"line":39,"column":55}},"type":"binary-expr","locations":[{"start":{"line":39,"column":15},"end":{"line":39,"column":35}},{"start":{"line":39,"column":39},"end":{"line":39,"column":55}}],"line":39},"1":{"loc":{"start":{"line":51,"column":6},"end":{"line":55,"column":7}},"type":"if","locations":[{"start":{"line":51,"column":6},"end":{"line":55,"column":7}},{"start":{"line":53,"column":13},"end":{"line":55,"column":7}}],"line":51},"2":{"loc":{"start":{"line":61,"column":4},"end":{"line":65,"column":5}},"type":"if","locations":[{"start":{"line":61,"column":4},"end":{"line":65,"column":5}},{"start":{"line":63,"column":11},"end":{"line":65,"column":5}}],"line":61},"3":{"loc":{"start":{"line":97,"column":24},"end":{"line":97,"column":58}},"type":"cond-expr","locations":[{"start":{"line":97,"column":39},"end":{"line":97,"column":45}},{"start":{"line":97,"column":48},"end":{"line":97,"column":58}}],"line":97},"4":{"loc":{"start":{"line":108,"column":19},"end":{"line":108,"column":74}},"type":"cond-expr","locations":[{"start":{"line":108,"column":34},"end":{"line":108,"column":54}},{"start":{"line":108,"column":57},"end":{"line":108,"column":74}}],"line":108},"5":{"loc":{"start":{"line":126,"column":13},"end":{"line":130,"column":13}},"type":"binary-expr","locations":[{"start":{"line":126,"column":13},"end":{"line":126,"column":23}},{"start":{"line":127,"column":14},"end":{"line":129,"column":20}}],"line":126}},"s":{"0":1,"1":1,"2":1,"3":1,"4":1,"5":1,"6":0,"7":0,"8":0,"9":0,"10":0,"11":0,"12":0,"13":0,"14":0,"15":0,"16":0,"17":0,"18":0,"19":0,"20":0,"21":0,"22":1,"23":0,"24":0,"25":0,"26":0,"27":1,"28":0,"29":1,"30":0,"31":0,"32":0,"33":1,"34":1,"35":1,"36":1,"37":1,"38":1,"39":1,"40":1,"41":1},"f":{"0":1,"1":0,"2":0,"3":0,"4":0,"5":0,"6":0,"7":0},"b":{"0":[0,0],"1":[0,0],"2":[0,0],"3":[0,1],"4":[0,1],"5":[1,0]},"_coverageSchema":"1a1c01bbd47fc00a2c39e90264f33305004495a9","hash":"bab81f140e99a8d5a679b2b6a66227456b641682"}
,"C:\\Users\\jess_\\Desktop\\DAM\\glowcars\\src\\pages\\ModificarCita.js": {"path":"C:\\Users\\jess_\\Desktop\\DAM\\glowcars\\src\\pages\\ModificarCita.js","statementMap":{"0":{"start":{"line":9,"column":22},"end":{"line":204,"column":1}},"1":{"start":{"line":10,"column":21},"end":{"line":10,"column":34}},"2":{"start":{"line":11,"column":21},"end":{"line":11,"column":34}},"3":{"start":{"line":12,"column":21},"end":{"line":12,"column":41}},"4":{"start":{"line":13,"column":28},"end":{"line":13,"column":82}},"5":{"start":{"line":14,"column":38},"end":{"line":14,"column":53}},"6":{"start":{"line":15,"column":38},"end":{"line":15,"column":50}},"7":{"start":{"line":17,"column":25},"end":{"line":30,"column":5}},"8":{"start":{"line":18,"column":8},"end":{"line":18,"column":33}},"9":{"start":{"line":18,"column":23},"end":{"line":18,"column":33}},"10":{"start":{"line":20,"column":21},"end":{"line":20,"column":39}},"11":{"start":{"line":21,"column":8},"end":{"line":21,"column":45}},"12":{"start":{"line":21,"column":35},"end":{"line":21,"column":45}},"13":{"start":{"line":24,"column":21},"end":{"line":24,"column":42}},"14":{"start":{"line":25,"column":22},"end":{"line":25,"column":69}},"15":{"start":{"line":26,"column":20},"end":{"line":26,"column":62}},"16":{"start":{"line":29,"column":8},"end":{"line":29,"column":41}},"17":{"start":{"line":33,"column":36},"end":{"line":40,"column":6}},"18":{"start":{"line":42,"column":4},"end":{"line":57,"column":29}},"19":{"start":{"line":43,"column":24},"end":{"line":43,"column":65}},"20":{"start":{"line":44,"column":8},"end":{"line":52,"column":9}},"21":{"start":{"line":45,"column":34},"end":{"line":45,"column":53}},"22":{"start":{"line":46,"column":12},"end":{"line":50,"column":15}},"23":{"start":{"line":51,"column":12},"end":{"line":51,"column":41}},"24":{"start":{"line":54,"column":8},"end":{"line":56,"column":9}},"25":{"start":{"line":55,"column":12},"end":{"line":55,"column":32}},"26":{"start":{"line":59,"column":25},"end":{"line":61,"column":5}},"27":{"start":{"line":60,"column":8},"end":{"line":60,"column":70}},"28":{"start":{"line":63,"column":23},"end":{"line":73,"column":5}},"29":{"start":{"line":64,"column":8},"end":{"line":72,"column":9}},"30":{"start":{"line":65,"column":33},"end":{"line":65,"column":66}},"31":{"start":{"line":66,"column":33},"end":{"line":66,"column":75}},"32":{"start":{"line":67,"column":12},"end":{"line":67,"column":44}},"33":{"start":{"line":70,"column":12},"end":{"line":70,"column":60}},"34":{"start":{"line":74,"column":25},"end":{"line":94,"column":5}},"35":{"start":{"line":75,"column":8},"end":{"line":75,"column":27}},"36":{"start":{"line":77,"column":8},"end":{"line":93,"column":9}},"37":{"start":{"line":78,"column":34},"end":{"line":78,"column":88}},"38":{"start":{"line":79,"column":28},"end":{"line":79,"column":44}},"39":{"start":{"line":80,"column":29},"end":{"line":80,"column":46}},"40":{"start":{"line":81,"column":25},"end":{"line":81,"column":38}},"41":{"start":{"line":82,"column":27},"end":{"line":82,"column":42}},"42":{"start":{"line":83,"column":26},"end":{"line":83,"column":40}},"43":{"start":{"line":84,"column":27},"end":{"line":84,"column":42}},"44":{"start":{"line":85,"column":24},"end":{"line":85,"column":106}},"45":{"start":{"line":86,"column":12},"end":{"line":88,"column":13}},"46":{"start":{"line":87,"column":16},"end":{"line":87,"column":35}},"47":{"start":{"line":91,"column":12},"end":{"line":91,"column":61}},"48":{"start":{"line":92,"column":12},"end":{"line":92,"column":50}},"49":{"start":{"line":96,"column":25},"end":{"line":99,"column":5}},"50":{"start":{"line":97,"column":8},"end":{"line":97,"column":28}},"51":{"start":{"line":98,"column":8},"end":{"line":98,"column":28}},"52":{"start":{"line":101,"column":4},"end":{"line":203,"column":6}},"53":{"start":{"line":207,"column":15},"end":{"line":210,"column":1}},"54":{"start":{"line":211,"column":26},"end":{"line":214,"column":1}},"55":{"start":{"line":215,"column":26},"end":{"line":217,"column":1}},"56":{"start":{"line":218,"column":26},"end":{"line":218,"column":90}},"57":{"start":{"line":219,"column":24},"end":{"line":219,"column":146}},"58":{"start":{"line":220,"column":27},"end":{"line":220,"column":142}},"59":{"start":{"line":221,"column":25},"end":{"line":221,"column":101}},"60":{"start":{"line":222,"column":20},"end":{"line":222,"column":77}},"61":{"start":{"line":223,"column":19},"end":{"line":223,"column":120}},"62":{"start":{"line":224,"column":23},"end":{"line":224,"column":134}},"63":{"start":{"line":225,"column":18},"end":{"line":225,"column":108}},"64":{"start":{"line":226,"column":19},"end":{"line":226,"column":94}},"65":{"start":{"line":227,"column":19},"end":{"line":227,"column":60}},"66":{"start":{"line":228,"column":19},"end":{"line":228,"column":152}},"67":{"start":{"line":229,"column":26},"end":{"line":232,"column":1}}},"fnMap":{"0":{"name":"(anonymous_0)","decl":{"start":{"line":9,"column":22},"end":{"line":9,"column":23}},"loc":{"start":{"line":9,"column":28},"end":{"line":204,"column":1}},"line":9},"1":{"name":"(anonymous_1)","decl":{"start":{"line":17,"column":25},"end":{"line":17,"column":26}},"loc":{"start":{"line":17,"column":39},"end":{"line":30,"column":5}},"line":17},"2":{"name":"(anonymous_2)","decl":{"start":{"line":42,"column":14},"end":{"line":42,"column":15}},"loc":{"start":{"line":42,"column":20},"end":{"line":57,"column":5}},"line":42},"3":{"name":"(anonymous_3)","decl":{"start":{"line":59,"column":25},"end":{"line":59,"column":26}},"loc":{"start":{"line":59,"column":32},"end":{"line":61,"column":5}},"line":59},"4":{"name":"(anonymous_4)","decl":{"start":{"line":63,"column":23},"end":{"line":63,"column":24}},"loc":{"start":{"line":63,"column":41},"end":{"line":73,"column":5}},"line":63},"5":{"name":"(anonymous_5)","decl":{"start":{"line":74,"column":25},"end":{"line":74,"column":26}},"loc":{"start":{"line":74,"column":38},"end":{"line":94,"column":5}},"line":74},"6":{"name":"(anonymous_6)","decl":{"start":{"line":96,"column":25},"end":{"line":96,"column":26}},"loc":{"start":{"line":96,"column":31},"end":{"line":99,"column":5}},"line":96}},"branchMap":{"0":{"loc":{"start":{"line":18,"column":8},"end":{"line":18,"column":33}},"type":"if","locations":[{"start":{"line":18,"column":8},"end":{"line":18,"column":33}},{"start":{},"end":{}}],"line":18},"1":{"loc":{"start":{"line":21,"column":8},"end":{"line":21,"column":45}},"type":"if","locations":[{"start":{"line":21,"column":8},"end":{"line":21,"column":45}},{"start":{},"end":{}}],"line":21},"2":{"loc":{"start":{"line":44,"column":8},"end":{"line":52,"column":9}},"type":"if","locations":[{"start":{"line":44,"column":8},"end":{"line":52,"column":9}},{"start":{},"end":{}}],"line":44},"3":{"loc":{"start":{"line":54,"column":8},"end":{"line":56,"column":9}},"type":"if","locations":[{"start":{"line":54,"column":8},"end":{"line":56,"column":9}},{"start":{},"end":{}}],"line":54},"4":{"loc":{"start":{"line":86,"column":12},"end":{"line":88,"column":13}},"type":"if","locations":[{"start":{"line":86,"column":12},"end":{"line":88,"column":13}},{"start":{},"end":{}}],"line":86},"5":{"loc":{"start":{"line":86,"column":16},"end":{"line":86,"column":56}},"type":"binary-expr","locations":[{"start":{"line":86,"column":16},"end":{"line":86,"column":34}},{"start":{"line":86,"column":38},"end":{"line":86,"column":56}}],"line":86},"6":{"loc":{"start":{"line":190,"column":13},"end":{"line":201,"column":13}},"type":"binary-expr","locations":[{"start":{"line":190,"column":13},"end":{"line":190,"column":22}},{"start":{"line":191,"column":16},"end":{"line":200,"column":22}}],"line":190}},"s":{"0":1,"1":0,"2":0,"3":0,"4":0,"5":0,"6":0,"7":0,"8":0,"9":0,"10":0,"11":0,"12":0,"13":0,"14":0,"15":0,"16":0,"17":0,"18":0,"19":0,"20":0,"21":0,"22":0,"23":0,"24":0,"25":0,"26":0,"27":0,"28":0,"29":0,"30":0,"31":0,"32":0,"33":0,"34":0,"35":0,"36":0,"37":0,"38":0,"39":0,"40":0,"41":0,"42":0,"43":0,"44":0,"45":0,"46":0,"47":0,"48":0,"49":0,"50":0,"51":0,"52":0,"53":1,"54":1,"55":1,"56":1,"57":1,"58":1,"59":1,"60":1,"61":1,"62":1,"63":1,"64":1,"65":1,"66":1,"67":1},"f":{"0":0,"1":0,"2":0,"3":0,"4":0,"5":0,"6":0},"b":{"0":[0,0],"1":[0,0],"2":[0,0],"3":[0,0],"4":[0,0],"5":[0,0],"6":[0,0]},"_coverageSchema":"1a1c01bbd47fc00a2c39e90264f33305004495a9","hash":"39806839323850e32e10e8dbfe66f512f62d3463"}
,"C:\\Users\\jess_\\Desktop\\DAM\\glowcars\\src\\pages\\ModificarResena.js": {"path":"C:\\Users\\jess_\\Desktop\\DAM\\glowcars\\src\\pages\\ModificarResena.js","statementMap":{"0":{"start":{"line":10,"column":24},"end":{"line":148,"column":1}},"1":{"start":{"line":11,"column":21},"end":{"line":11,"column":34}},"2":{"start":{"line":12,"column":21},"end":{"line":12,"column":34}},"3":{"start":{"line":13,"column":28},"end":{"line":13,"column":70}},"4":{"start":{"line":14,"column":38},"end":{"line":14,"column":53}},"5":{"start":{"line":15,"column":23},"end":{"line":15,"column":45}},"6":{"start":{"line":18,"column":44},"end":{"line":23,"column":6}},"7":{"start":{"line":25,"column":4},"end":{"line":36,"column":31}},"8":{"start":{"line":26,"column":24},"end":{"line":26,"column":65}},"9":{"start":{"line":27,"column":30},"end":{"line":27,"column":49}},"10":{"start":{"line":28,"column":8},"end":{"line":32,"column":11}},"11":{"start":{"line":33,"column":8},"end":{"line":35,"column":9}},"12":{"start":{"line":34,"column":12},"end":{"line":34,"column":33}},"13":{"start":{"line":38,"column":31},"end":{"line":40,"column":5}},"14":{"start":{"line":39,"column":8},"end":{"line":39,"column":78}},"15":{"start":{"line":42,"column":28},"end":{"line":44,"column":5}},"16":{"start":{"line":43,"column":8},"end":{"line":43,"column":67}},"17":{"start":{"line":47,"column":27},"end":{"line":65,"column":5}},"18":{"start":{"line":48,"column":8},"end":{"line":48,"column":27}},"19":{"start":{"line":50,"column":8},"end":{"line":64,"column":9}},"20":{"start":{"line":51,"column":30},"end":{"line":51,"column":92}},"21":{"start":{"line":52,"column":33},"end":{"line":52,"column":58}},"22":{"start":{"line":53,"column":27},"end":{"line":53,"column":46}},"23":{"start":{"line":54,"column":31},"end":{"line":54,"column":54}},"24":{"start":{"line":55,"column":30},"end":{"line":55,"column":45}},"25":{"start":{"line":56,"column":24},"end":{"line":56,"column":99}},"26":{"start":{"line":57,"column":12},"end":{"line":59,"column":13}},"27":{"start":{"line":58,"column":16},"end":{"line":58,"column":35}},"28":{"start":{"line":62,"column":12},"end":{"line":62,"column":56}},"29":{"start":{"line":63,"column":12},"end":{"line":63,"column":57}},"30":{"start":{"line":67,"column":25},"end":{"line":70,"column":5}},"31":{"start":{"line":68,"column":8},"end":{"line":68,"column":28}},"32":{"start":{"line":69,"column":8},"end":{"line":69,"column":29}},"33":{"start":{"line":72,"column":4},"end":{"line":147,"column":6}},"34":{"start":{"line":90,"column":36},"end":{"line":97,"column":38}},"35":{"start":{"line":93,"column":55},"end":{"line":93,"column":75}},"36":{"start":{"line":137,"column":47},"end":{"line":137,"column":61}},"37":{"start":{"line":151,"column":15},"end":{"line":154,"column":1}},"38":{"start":{"line":155,"column":27},"end":{"line":155,"column":124}},"39":{"start":{"line":156,"column":25},"end":{"line":156,"column":129}},"40":{"start":{"line":157,"column":25},"end":{"line":160,"column":1}},"41":{"start":{"line":161,"column":22},"end":{"line":161,"column":124}},"42":{"start":{"line":162,"column":21},"end":{"line":162,"column":72}},"43":{"start":{"line":163,"column":18},"end":{"line":163,"column":75}},"44":{"start":{"line":164,"column":24},"end":{"line":164,"column":80}},"45":{"start":{"line":165,"column":19},"end":{"line":165,"column":80}},"46":{"start":{"line":166,"column":23},"end":{"line":166,"column":98}},"47":{"start":{"line":167,"column":22},"end":{"line":170,"column":1}},"48":{"start":{"line":171,"column":23},"end":{"line":175,"column":1}},"49":{"start":{"line":176,"column":19},"end":{"line":179,"column":1}},"50":{"start":{"line":180,"column":26},"end":{"line":191,"column":1}},"51":{"start":{"line":193,"column":26},"end":{"line":201,"column":1}},"52":{"start":{"line":203,"column":26},"end":{"line":208,"column":1}},"53":{"start":{"line":210,"column":24},"end":{"line":216,"column":1}}},"fnMap":{"0":{"name":"(anonymous_0)","decl":{"start":{"line":10,"column":24},"end":{"line":10,"column":25}},"loc":{"start":{"line":10,"column":30},"end":{"line":148,"column":1}},"line":10},"1":{"name":"(anonymous_1)","decl":{"start":{"line":25,"column":14},"end":{"line":25,"column":15}},"loc":{"start":{"line":25,"column":20},"end":{"line":36,"column":5}},"line":25},"2":{"name":"(anonymous_2)","decl":{"start":{"line":38,"column":31},"end":{"line":38,"column":32}},"loc":{"start":{"line":38,"column":38},"end":{"line":40,"column":5}},"line":38},"3":{"name":"(anonymous_3)","decl":{"start":{"line":42,"column":28},"end":{"line":42,"column":29}},"loc":{"start":{"line":42,"column":40},"end":{"line":44,"column":5}},"line":42},"4":{"name":"(anonymous_4)","decl":{"start":{"line":47,"column":27},"end":{"line":47,"column":28}},"loc":{"start":{"line":47,"column":40},"end":{"line":65,"column":5}},"line":47},"5":{"name":"(anonymous_5)","decl":{"start":{"line":67,"column":25},"end":{"line":67,"column":26}},"loc":{"start":{"line":67,"column":38},"end":{"line":70,"column":5}},"line":67},"6":{"name":"(anonymous_6)","decl":{"start":{"line":89,"column":53},"end":{"line":89,"column":54}},"loc":{"start":{"line":90,"column":36},"end":{"line":97,"column":38}},"line":90},"7":{"name":"(anonymous_7)","decl":{"start":{"line":93,"column":49},"end":{"line":93,"column":50}},"loc":{"start":{"line":93,"column":55},"end":{"line":93,"column":75}},"line":93},"8":{"name":"(anonymous_8)","decl":{"start":{"line":137,"column":41},"end":{"line":137,"column":42}},"loc":{"start":{"line":137,"column":47},"end":{"line":137,"column":61}},"line":137}},"branchMap":{"0":{"loc":{"start":{"line":33,"column":8},"end":{"line":35,"column":9}},"type":"if","locations":[{"start":{"line":33,"column":8},"end":{"line":35,"column":9}},{"start":{},"end":{}}],"line":33},"1":{"loc":{"start":{"line":57,"column":12},"end":{"line":59,"column":13}},"type":"if","locations":[{"start":{"line":57,"column":12},"end":{"line":59,"column":13}},{"start":{},"end":{}}],"line":57},"2":{"loc":{"start":{"line":57,"column":16},"end":{"line":57,"column":56}},"type":"binary-expr","locations":[{"start":{"line":57,"column":16},"end":{"line":57,"column":34}},{"start":{"line":57,"column":38},"end":{"line":57,"column":56}}],"line":57},"3":{"loc":{"start":{"line":94,"column":46},"end":{"line":94,"column":99}},"type":"cond-expr","locations":[{"start":{"line":94,"column":81},"end":{"line":94,"column":90}},{"start":{"line":94,"column":93},"end":{"line":94,"column":99}}],"line":94},"4":{"loc":{"start":{"line":95,"column":47},"end":{"line":95,"column":103}},"type":"cond-expr","locations":[{"start":{"line":95,"column":82},"end":{"line":95,"column":91}},{"start":{"line":95,"column":94},"end":{"line":95,"column":103}}],"line":95},"5":{"loc":{"start":{"line":128,"column":13},"end":{"line":145,"column":13}},"type":"binary-expr","locations":[{"start":{"line":128,"column":13},"end":{"line":128,"column":22}},{"start":{"line":129,"column":16},"end":{"line":144,"column":22}}],"line":128}},"s":{"0":1,"1":0,"2":0,"3":0,"4":0,"5":0,"6":0,"7":0,"8":0,"9":0,"10":0,"11":0,"12":0,"13":0,"14":0,"15":0,"16":0,"17":0,"18":0,"19":0,"20":0,"21":0,"22":0,"23":0,"24":0,"25":0,"26":0,"27":0,"28":0,"29":0,"30":0,"31":0,"32":0,"33":0,"34":0,"35":0,"36":0,"37":1,"38":1,"39":1,"40":1,"41":1,"42":1,"43":1,"44":1,"45":1,"46":1,"47":1,"48":1,"49":1,"50":1,"51":1,"52":1,"53":1},"f":{"0":0,"1":0,"2":0,"3":0,"4":0,"5":0,"6":0,"7":0,"8":0},"b":{"0":[0,0],"1":[0,0],"2":[0,0],"3":[0,0],"4":[0,0],"5":[0,0]},"_coverageSchema":"1a1c01bbd47fc00a2c39e90264f33305004495a9","hash":"3ab31019a9161796708e496616aa38d74d743243"}
,"C:\\Users\\jess_\\Desktop\\DAM\\glowcars\\src\\pages\\ModificarVehiculo.js": {"path":"C:\\Users\\jess_\\Desktop\\DAM\\glowcars\\src\\pages\\ModificarVehiculo.js","statementMap":{"0":{"start":{"line":9,"column":26},"end":{"line":163,"column":1}},"1":{"start":{"line":10,"column":21},"end":{"line":10,"column":34}},"2":{"start":{"line":11,"column":21},"end":{"line":11,"column":34}},"3":{"start":{"line":12,"column":28},"end":{"line":12,"column":82}},"4":{"start":{"line":13,"column":38},"end":{"line":13,"column":53}},"5":{"start":{"line":14,"column":25},"end":{"line":14,"column":49}},"6":{"start":{"line":17,"column":48},"end":{"line":24,"column":6}},"7":{"start":{"line":26,"column":4},"end":{"line":37,"column":33}},"8":{"start":{"line":27,"column":24},"end":{"line":27,"column":65}},"9":{"start":{"line":28,"column":30},"end":{"line":28,"column":49}},"10":{"start":{"line":29,"column":8},"end":{"line":33,"column":11}},"11":{"start":{"line":34,"column":8},"end":{"line":36,"column":9}},"12":{"start":{"line":35,"column":12},"end":{"line":35,"column":32}},"13":{"start":{"line":39,"column":33},"end":{"line":41,"column":5}},"14":{"start":{"line":40,"column":8},"end":{"line":40,"column":82}},"15":{"start":{"line":44,"column":27},"end":{"line":64,"column":5}},"16":{"start":{"line":45,"column":8},"end":{"line":45,"column":27}},"17":{"start":{"line":47,"column":8},"end":{"line":63,"column":9}},"18":{"start":{"line":48,"column":30},"end":{"line":48,"column":93}},"19":{"start":{"line":49,"column":30},"end":{"line":49,"column":54}},"20":{"start":{"line":50,"column":26},"end":{"line":50,"column":46}},"21":{"start":{"line":51,"column":27},"end":{"line":51,"column":48}},"22":{"start":{"line":52,"column":27},"end":{"line":52,"column":48}},"23":{"start":{"line":53,"column":29},"end":{"line":53,"column":52}},"24":{"start":{"line":54,"column":32},"end":{"line":54,"column":39}},"25":{"start":{"line":55,"column":24},"end":{"line":55,"column":111}},"26":{"start":{"line":56,"column":12},"end":{"line":58,"column":13}},"27":{"start":{"line":57,"column":16},"end":{"line":57,"column":35}},"28":{"start":{"line":61,"column":12},"end":{"line":61,"column":56}},"29":{"start":{"line":62,"column":12},"end":{"line":62,"column":57}},"30":{"start":{"line":66,"column":25},"end":{"line":69,"column":5}},"31":{"start":{"line":67,"column":8},"end":{"line":67,"column":28}},"32":{"start":{"line":68,"column":8},"end":{"line":68,"column":28}},"33":{"start":{"line":71,"column":4},"end":{"line":162,"column":6}},"34":{"start":{"line":118,"column":36},"end":{"line":120,"column":37}},"35":{"start":{"line":119,"column":40},"end":{"line":119,"column":84}},"36":{"start":{"line":152,"column":47},"end":{"line":152,"column":61}},"37":{"start":{"line":166,"column":15},"end":{"line":169,"column":1}},"38":{"start":{"line":170,"column":27},"end":{"line":170,"column":139}},"39":{"start":{"line":171,"column":25},"end":{"line":171,"column":101}},"40":{"start":{"line":172,"column":26},"end":{"line":172,"column":83}},"41":{"start":{"line":173,"column":24},"end":{"line":173,"column":125}},"42":{"start":{"line":174,"column":23},"end":{"line":174,"column":134}},"43":{"start":{"line":175,"column":24},"end":{"line":175,"column":133}},"44":{"start":{"line":176,"column":19},"end":{"line":176,"column":60}},"45":{"start":{"line":177,"column":19},"end":{"line":177,"column":152}},"46":{"start":{"line":178,"column":20},"end":{"line":178,"column":77}},"47":{"start":{"line":179,"column":25},"end":{"line":182,"column":1}},"48":{"start":{"line":183,"column":26},"end":{"line":194,"column":1}},"49":{"start":{"line":195,"column":26},"end":{"line":203,"column":1}},"50":{"start":{"line":204,"column":26},"end":{"line":209,"column":1}},"51":{"start":{"line":210,"column":24},"end":{"line":216,"column":1}}},"fnMap":{"0":{"name":"(anonymous_0)","decl":{"start":{"line":9,"column":26},"end":{"line":9,"column":27}},"loc":{"start":{"line":9,"column":32},"end":{"line":163,"column":1}},"line":9},"1":{"name":"(anonymous_1)","decl":{"start":{"line":26,"column":14},"end":{"line":26,"column":15}},"loc":{"start":{"line":26,"column":20},"end":{"line":37,"column":5}},"line":26},"2":{"name":"(anonymous_2)","decl":{"start":{"line":39,"column":33},"end":{"line":39,"column":34}},"loc":{"start":{"line":39,"column":40},"end":{"line":41,"column":5}},"line":39},"3":{"name":"(anonymous_3)","decl":{"start":{"line":44,"column":27},"end":{"line":44,"column":28}},"loc":{"start":{"line":44,"column":40},"end":{"line":64,"column":5}},"line":44},"4":{"name":"(anonymous_4)","decl":{"start":{"line":66,"column":25},"end":{"line":66,"column":26}},"loc":{"start":{"line":66,"column":38},"end":{"line":69,"column":5}},"line":66},"5":{"name":"(anonymous_5)","decl":{"start":{"line":117,"column":41},"end":{"line":117,"column":42}},"loc":{"start":{"line":117,"column":48},"end":{"line":121,"column":33}},"line":117},"6":{"name":"(anonymous_6)","decl":{"start":{"line":152,"column":41},"end":{"line":152,"column":42}},"loc":{"start":{"line":152,"column":47},"end":{"line":152,"column":61}},"line":152}},"branchMap":{"0":{"loc":{"start":{"line":34,"column":8},"end":{"line":36,"column":9}},"type":"if","locations":[{"start":{"line":34,"column":8},"end":{"line":36,"column":9}},{"start":{},"end":{}}],"line":34},"1":{"loc":{"start":{"line":56,"column":12},"end":{"line":58,"column":13}},"type":"if","locations":[{"start":{"line":56,"column":12},"end":{"line":58,"column":13}},{"start":{},"end":{}}],"line":56},"2":{"loc":{"start":{"line":56,"column":16},"end":{"line":56,"column":56}},"type":"binary-expr","locations":[{"start":{"line":56,"column":16},"end":{"line":56,"column":34}},{"start":{"line":56,"column":38},"end":{"line":56,"column":56}}],"line":56},"3":{"loc":{"start":{"line":118,"column":36},"end":{"line":120,"column":37}},"type":"if","locations":[{"start":{"line":118,"column":36},"end":{"line":120,"column":37}},{"start":{},"end":{}}],"line":118},"4":{"loc":{"start":{"line":143,"column":13},"end":{"line":160,"column":13}},"type":"binary-expr","locations":[{"start":{"line":143,"column":13},"end":{"line":143,"column":22}},{"start":{"line":144,"column":16},"end":{"line":159,"column":22}}],"line":143}},"s":{"0":1,"1":0,"2":0,"3":0,"4":0,"5":0,"6":0,"7":0,"8":0,"9":0,"10":0,"11":0,"12":0,"13":0,"14":0,"15":0,"16":0,"17":0,"18":0,"19":0,"20":0,"21":0,"22":0,"23":0,"24":0,"25":0,"26":0,"27":0,"28":0,"29":0,"30":0,"31":0,"32":0,"33":0,"34":0,"35":0,"36":0,"37":1,"38":1,"39":1,"40":1,"41":1,"42":1,"43":1,"44":1,"45":1,"46":1,"47":1,"48":1,"49":1,"50":1,"51":1},"f":{"0":0,"1":0,"2":0,"3":0,"4":0,"5":0,"6":0},"b":{"0":[0,0],"1":[0,0],"2":[0,0],"3":[0,0],"4":[0,0]},"_coverageSchema":"1a1c01bbd47fc00a2c39e90264f33305004495a9","hash":"60a574656cd3ed452c60723aad8eff7204aec4ad"}
,"C:\\Users\\jess_\\Desktop\\DAM\\glowcars\\src\\pages\\NewResena.js": {"path":"C:\\Users\\jess_\\Desktop\\DAM\\glowcars\\src\\pages\\NewResena.js","statementMap":{"0":{"start":{"line":10,"column":18},"end":{"line":142,"column":1}},"1":{"start":{"line":11,"column":21},"end":{"line":11,"column":34}},"2":{"start":{"line":12,"column":28},"end":{"line":12,"column":70}},"3":{"start":{"line":13,"column":38},"end":{"line":13,"column":53}},"4":{"start":{"line":16,"column":32},"end":{"line":20,"column":6}},"5":{"start":{"line":22,"column":4},"end":{"line":29,"column":19}},"6":{"start":{"line":23,"column":24},"end":{"line":23,"column":65}},"7":{"start":{"line":24,"column":8},"end":{"line":28,"column":9}},"8":{"start":{"line":25,"column":12},"end":{"line":25,"column":41}},"9":{"start":{"line":27,"column":12},"end":{"line":27,"column":31}},"10":{"start":{"line":31,"column":25},"end":{"line":33,"column":5}},"11":{"start":{"line":32,"column":8},"end":{"line":32,"column":66}},"12":{"start":{"line":35,"column":28},"end":{"line":37,"column":5}},"13":{"start":{"line":36,"column":8},"end":{"line":36,"column":55}},"14":{"start":{"line":39,"column":25},"end":{"line":60,"column":5}},"15":{"start":{"line":40,"column":8},"end":{"line":40,"column":27}},"16":{"start":{"line":41,"column":8},"end":{"line":59,"column":9}},"17":{"start":{"line":42,"column":35},"end":{"line":48,"column":13}},"18":{"start":{"line":50,"column":24},"end":{"line":50,"column":94}},"19":{"start":{"line":52,"column":12},"end":{"line":54,"column":13}},"20":{"start":{"line":53,"column":16},"end":{"line":53,"column":35}},"21":{"start":{"line":57,"column":12},"end":{"line":57,"column":60}},"22":{"start":{"line":58,"column":12},"end":{"line":58,"column":50}},"23":{"start":{"line":63,"column":25},"end":{"line":66,"column":5}},"24":{"start":{"line":64,"column":8},"end":{"line":64,"column":28}},"25":{"start":{"line":65,"column":8},"end":{"line":65,"column":29}},"26":{"start":{"line":68,"column":4},"end":{"line":141,"column":6}},"27":{"start":{"line":86,"column":36},"end":{"line":93,"column":38}},"28":{"start":{"line":89,"column":55},"end":{"line":89,"column":75}},"29":{"start":{"line":131,"column":47},"end":{"line":131,"column":61}},"30":{"start":{"line":145,"column":15},"end":{"line":148,"column":1}},"31":{"start":{"line":149,"column":27},"end":{"line":149,"column":124}},"32":{"start":{"line":150,"column":25},"end":{"line":150,"column":129}},"33":{"start":{"line":151,"column":25},"end":{"line":154,"column":1}},"34":{"start":{"line":155,"column":22},"end":{"line":155,"column":124}},"35":{"start":{"line":156,"column":21},"end":{"line":156,"column":72}},"36":{"start":{"line":157,"column":18},"end":{"line":157,"column":75}},"37":{"start":{"line":158,"column":24},"end":{"line":158,"column":80}},"38":{"start":{"line":159,"column":19},"end":{"line":159,"column":79}},"39":{"start":{"line":160,"column":23},"end":{"line":160,"column":98}},"40":{"start":{"line":161,"column":22},"end":{"line":164,"column":1}},"41":{"start":{"line":165,"column":23},"end":{"line":169,"column":1}},"42":{"start":{"line":170,"column":19},"end":{"line":173,"column":1}},"43":{"start":{"line":174,"column":26},"end":{"line":185,"column":1}},"44":{"start":{"line":187,"column":26},"end":{"line":195,"column":1}},"45":{"start":{"line":197,"column":26},"end":{"line":202,"column":1}},"46":{"start":{"line":204,"column":24},"end":{"line":210,"column":1}}},"fnMap":{"0":{"name":"(anonymous_0)","decl":{"start":{"line":10,"column":18},"end":{"line":10,"column":19}},"loc":{"start":{"line":10,"column":24},"end":{"line":142,"column":1}},"line":10},"1":{"name":"(anonymous_1)","decl":{"start":{"line":22,"column":14},"end":{"line":22,"column":15}},"loc":{"start":{"line":22,"column":20},"end":{"line":29,"column":5}},"line":22},"2":{"name":"(anonymous_2)","decl":{"start":{"line":31,"column":25},"end":{"line":31,"column":26}},"loc":{"start":{"line":31,"column":32},"end":{"line":33,"column":5}},"line":31},"3":{"name":"(anonymous_3)","decl":{"start":{"line":35,"column":28},"end":{"line":35,"column":29}},"loc":{"start":{"line":35,"column":40},"end":{"line":37,"column":5}},"line":35},"4":{"name":"(anonymous_4)","decl":{"start":{"line":39,"column":25},"end":{"line":39,"column":26}},"loc":{"start":{"line":39,"column":38},"end":{"line":60,"column":5}},"line":39},"5":{"name":"(anonymous_5)","decl":{"start":{"line":63,"column":25},"end":{"line":63,"column":26}},"loc":{"start":{"line":63,"column":38},"end":{"line":66,"column":5}},"line":63},"6":{"name":"(anonymous_6)","decl":{"start":{"line":85,"column":53},"end":{"line":85,"column":54}},"loc":{"start":{"line":86,"column":36},"end":{"line":93,"column":38}},"line":86},"7":{"name":"(anonymous_7)","decl":{"start":{"line":89,"column":49},"end":{"line":89,"column":50}},"loc":{"start":{"line":89,"column":55},"end":{"line":89,"column":75}},"line":89},"8":{"name":"(anonymous_8)","decl":{"start":{"line":131,"column":41},"end":{"line":131,"column":42}},"loc":{"start":{"line":131,"column":47},"end":{"line":131,"column":61}},"line":131}},"branchMap":{"0":{"loc":{"start":{"line":24,"column":8},"end":{"line":28,"column":9}},"type":"if","locations":[{"start":{"line":24,"column":8},"end":{"line":28,"column":9}},{"start":{"line":26,"column":15},"end":{"line":28,"column":9}}],"line":24},"1":{"loc":{"start":{"line":52,"column":12},"end":{"line":54,"column":13}},"type":"if","locations":[{"start":{"line":52,"column":12},"end":{"line":54,"column":13}},{"start":{},"end":{}}],"line":52},"2":{"loc":{"start":{"line":52,"column":16},"end":{"line":52,"column":56}},"type":"binary-expr","locations":[{"start":{"line":52,"column":16},"end":{"line":52,"column":34}},{"start":{"line":52,"column":38},"end":{"line":52,"column":56}}],"line":52},"3":{"loc":{"start":{"line":90,"column":46},"end":{"line":90,"column":93}},"type":"cond-expr","locations":[{"start":{"line":90,"column":75},"end":{"line":90,"column":84}},{"start":{"line":90,"column":87},"end":{"line":90,"column":93}}],"line":90},"4":{"loc":{"start":{"line":91,"column":47},"end":{"line":91,"column":97}},"type":"cond-expr","locations":[{"start":{"line":91,"column":76},"end":{"line":91,"column":85}},{"start":{"line":91,"column":88},"end":{"line":91,"column":97}}],"line":91},"5":{"loc":{"start":{"line":122,"column":13},"end":{"line":139,"column":13}},"type":"binary-expr","locations":[{"start":{"line":122,"column":13},"end":{"line":122,"column":22}},{"start":{"line":123,"column":16},"end":{"line":138,"column":22}}],"line":122}},"s":{"0":1,"1":0,"2":0,"3":0,"4":0,"5":0,"6":0,"7":0,"8":0,"9":0,"10":0,"11":0,"12":0,"13":0,"14":0,"15":0,"16":0,"17":0,"18":0,"19":0,"20":0,"21":0,"22":0,"23":0,"24":0,"25":0,"26":0,"27":0,"28":0,"29":0,"30":1,"31":1,"32":1,"33":1,"34":1,"35":1,"36":1,"37":1,"38":1,"39":1,"40":1,"41":1,"42":1,"43":1,"44":1,"45":1,"46":1},"f":{"0":0,"1":0,"2":0,"3":0,"4":0,"5":0,"6":0,"7":0,"8":0},"b":{"0":[0,0],"1":[0,0],"2":[0,0],"3":[0,0],"4":[0,0],"5":[0,0]},"_coverageSchema":"1a1c01bbd47fc00a2c39e90264f33305004495a9","hash":"9ff54a993d11d1d318e880454dc5770f2c352f4b"}
,"C:\\Users\\jess_\\Desktop\\DAM\\glowcars\\src\\pages\\Perfil.js": {"path":"C:\\Users\\jess_\\Desktop\\DAM\\glowcars\\src\\pages\\Perfil.js","statementMap":{"0":{"start":{"line":10,"column":15},"end":{"line":233,"column":1}},"1":{"start":{"line":11,"column":21},"end":{"line":11,"column":34}},"2":{"start":{"line":12,"column":38},"end":{"line":12,"column":53}},"3":{"start":{"line":13,"column":52},"end":{"line":13,"column":67}},"4":{"start":{"line":14,"column":48},"end":{"line":14,"column":63}},"5":{"start":{"line":15,"column":60},"end":{"line":15,"column":74}},"6":{"start":{"line":18,"column":38},"end":{"line":18,"column":50}},"7":{"start":{"line":19,"column":30},"end":{"line":19,"column":42}},"8":{"start":{"line":22,"column":30},"end":{"line":25,"column":5}},"9":{"start":{"line":23,"column":8},"end":{"line":23,"column":42}},"10":{"start":{"line":24,"column":8},"end":{"line":24,"column":27}},"11":{"start":{"line":28,"column":29},"end":{"line":38,"column":5}},"12":{"start":{"line":29,"column":8},"end":{"line":37,"column":9}},"13":{"start":{"line":30,"column":12},"end":{"line":30,"column":102}},"14":{"start":{"line":31,"column":12},"end":{"line":31,"column":103}},"15":{"start":{"line":31,"column":33},"end":{"line":31,"column":101}},"16":{"start":{"line":31,"column":50},"end":{"line":31,"column":100}},"17":{"start":{"line":32,"column":12},"end":{"line":32,"column":32}},"18":{"start":{"line":33,"column":12},"end":{"line":33,"column":38}},"19":{"start":{"line":35,"column":12},"end":{"line":35,"column":32}},"20":{"start":{"line":36,"column":12},"end":{"line":36,"column":36}},"21":{"start":{"line":40,"column":4},"end":{"line":49,"column":11}},"22":{"start":{"line":41,"column":24},"end":{"line":41,"column":65}},"23":{"start":{"line":42,"column":8},"end":{"line":48,"column":9}},"24":{"start":{"line":43,"column":29},"end":{"line":43,"column":48}},"25":{"start":{"line":45,"column":12},"end":{"line":45,"column":36}},"26":{"start":{"line":47,"column":12},"end":{"line":47,"column":31}},"27":{"start":{"line":52,"column":23},"end":{"line":66,"column":5}},"28":{"start":{"line":53,"column":8},"end":{"line":65,"column":9}},"29":{"start":{"line":54,"column":33},"end":{"line":54,"column":66}},"30":{"start":{"line":55,"column":33},"end":{"line":55,"column":75}},"31":{"start":{"line":56,"column":12},"end":{"line":56,"column":44}},"32":{"start":{"line":58,"column":29},"end":{"line":58,"column":58}},"33":{"start":{"line":59,"column":29},"end":{"line":59,"column":67}},"34":{"start":{"line":60,"column":12},"end":{"line":60,"column":36}},"35":{"start":{"line":63,"column":12},"end":{"line":63,"column":60}},"36":{"start":{"line":68,"column":4},"end":{"line":232,"column":6}},"37":{"start":{"line":95,"column":36},"end":{"line":109,"column":41}},"38":{"start":{"line":105,"column":63},"end":{"line":105,"column":121}},"39":{"start":{"line":107,"column":101},"end":{"line":107,"column":121}},"40":{"start":{"line":115,"column":74},"end":{"line":115,"column":99}},"41":{"start":{"line":142,"column":36},"end":{"line":161,"column":41}},"42":{"start":{"line":158,"column":63},"end":{"line":158,"column":113}},"43":{"start":{"line":181,"column":47},"end":{"line":181,"column":66}},"44":{"start":{"line":205,"column":47},"end":{"line":205,"column":73}},"45":{"start":{"line":222,"column":47},"end":{"line":222,"column":71}},"46":{"start":{"line":236,"column":27},"end":{"line":239,"column":1}},"47":{"start":{"line":240,"column":25},"end":{"line":240,"column":101}},"48":{"start":{"line":241,"column":23},"end":{"line":241,"column":59}},"49":{"start":{"line":242,"column":25},"end":{"line":242,"column":85}},"50":{"start":{"line":243,"column":22},"end":{"line":243,"column":124}},"51":{"start":{"line":244,"column":21},"end":{"line":244,"column":72}},"52":{"start":{"line":245,"column":19},"end":{"line":245,"column":65}},"53":{"start":{"line":246,"column":23},"end":{"line":246,"column":114}},"54":{"start":{"line":247,"column":21},"end":{"line":247,"column":94}},"55":{"start":{"line":248,"column":20},"end":{"line":248,"column":116}},"56":{"start":{"line":249,"column":24},"end":{"line":249,"column":63}},"57":{"start":{"line":250,"column":24},"end":{"line":250,"column":90}},"58":{"start":{"line":251,"column":23},"end":{"line":255,"column":1}},"59":{"start":{"line":256,"column":26},"end":{"line":267,"column":1}},"60":{"start":{"line":269,"column":26},"end":{"line":277,"column":1}},"61":{"start":{"line":279,"column":26},"end":{"line":284,"column":1}},"62":{"start":{"line":286,"column":25},"end":{"line":292,"column":1}},"63":{"start":{"line":294,"column":25},"end":{"line":302,"column":1}},"64":{"start":{"line":303,"column":24},"end":{"line":309,"column":1}}},"fnMap":{"0":{"name":"(anonymous_0)","decl":{"start":{"line":10,"column":15},"end":{"line":10,"column":16}},"loc":{"start":{"line":10,"column":21},"end":{"line":233,"column":1}},"line":10},"1":{"name":"(anonymous_1)","decl":{"start":{"line":22,"column":30},"end":{"line":22,"column":31}},"loc":{"start":{"line":22,"column":44},"end":{"line":25,"column":5}},"line":22},"2":{"name":"(anonymous_2)","decl":{"start":{"line":28,"column":29},"end":{"line":28,"column":30}},"loc":{"start":{"line":28,"column":41},"end":{"line":38,"column":5}},"line":28},"3":{"name":"(anonymous_3)","decl":{"start":{"line":31,"column":25},"end":{"line":31,"column":26}},"loc":{"start":{"line":31,"column":33},"end":{"line":31,"column":101}},"line":31},"4":{"name":"(anonymous_4)","decl":{"start":{"line":31,"column":45},"end":{"line":31,"column":46}},"loc":{"start":{"line":31,"column":50},"end":{"line":31,"column":100}},"line":31},"5":{"name":"(anonymous_5)","decl":{"start":{"line":40,"column":14},"end":{"line":40,"column":15}},"loc":{"start":{"line":40,"column":20},"end":{"line":49,"column":5}},"line":40},"6":{"name":"(anonymous_6)","decl":{"start":{"line":52,"column":23},"end":{"line":52,"column":24}},"loc":{"start":{"line":52,"column":41},"end":{"line":66,"column":5}},"line":52},"7":{"name":"(anonymous_7)","decl":{"start":{"line":94,"column":47},"end":{"line":94,"column":48}},"loc":{"start":{"line":95,"column":36},"end":{"line":109,"column":41}},"line":95},"8":{"name":"(anonymous_8)","decl":{"start":{"line":105,"column":57},"end":{"line":105,"column":58}},"loc":{"start":{"line":105,"column":63},"end":{"line":105,"column":121}},"line":105},"9":{"name":"(anonymous_9)","decl":{"start":{"line":107,"column":95},"end":{"line":107,"column":96}},"loc":{"start":{"line":107,"column":101},"end":{"line":107,"column":121}},"line":107},"10":{"name":"(anonymous_10)","decl":{"start":{"line":115,"column":68},"end":{"line":115,"column":69}},"loc":{"start":{"line":115,"column":74},"end":{"line":115,"column":99}},"line":115},"11":{"name":"(anonymous_11)","decl":{"start":{"line":141,"column":43},"end":{"line":141,"column":44}},"loc":{"start":{"line":142,"column":36},"end":{"line":161,"column":41}},"line":142},"12":{"name":"(anonymous_12)","decl":{"start":{"line":158,"column":57},"end":{"line":158,"column":58}},"loc":{"start":{"line":158,"column":63},"end":{"line":158,"column":113}},"line":158},"13":{"name":"(anonymous_13)","decl":{"start":{"line":181,"column":41},"end":{"line":181,"column":42}},"loc":{"start":{"line":181,"column":47},"end":{"line":181,"column":66}},"line":181},"14":{"name":"(anonymous_14)","decl":{"start":{"line":205,"column":41},"end":{"line":205,"column":42}},"loc":{"start":{"line":205,"column":47},"end":{"line":205,"column":73}},"line":205},"15":{"name":"(anonymous_15)","decl":{"start":{"line":222,"column":41},"end":{"line":222,"column":42}},"loc":{"start":{"line":222,"column":47},"end":{"line":222,"column":71}},"line":222}},"branchMap":{"0":{"loc":{"start":{"line":42,"column":8},"end":{"line":48,"column":9}},"type":"if","locations":[{"start":{"line":42,"column":8},"end":{"line":48,"column":9}},{"start":{"line":46,"column":15},"end":{"line":48,"column":9}}],"line":42},"1":{"loc":{"start":{"line":143,"column":45},"end":{"line":145,"column":49}},"type":"cond-expr","locations":[{"start":{"line":144,"column":46},"end":{"line":144,"column":101}},{"start":{"line":145,"column":46},"end":{"line":145,"column":49}}],"line":143},"2":{"loc":{"start":{"line":151,"column":45},"end":{"line":153,"column":49}},"type":"cond-expr","locations":[{"start":{"line":152,"column":46},"end":{"line":152,"column":102}},{"start":{"line":153,"column":46},"end":{"line":153,"column":49}}],"line":151},"3":{"loc":{"start":{"line":172,"column":13},"end":{"line":195,"column":13}},"type":"binary-expr","locations":[{"start":{"line":172,"column":13},"end":{"line":172,"column":22}},{"start":{"line":173,"column":16},"end":{"line":194,"column":22}}],"line":172},"4":{"loc":{"start":{"line":196,"column":13},"end":{"line":213,"column":13}},"type":"binary-expr","locations":[{"start":{"line":196,"column":13},"end":{"line":196,"column":29}},{"start":{"line":197,"column":16},"end":{"line":212,"column":22}}],"line":196},"5":{"loc":{"start":{"line":214,"column":13},"end":{"line":230,"column":13}},"type":"binary-expr","locations":[{"start":{"line":214,"column":13},"end":{"line":214,"column":27}},{"start":{"line":215,"column":16},"end":{"line":229,"column":22}}],"line":214}},"s":{"0":1,"1":1,"2":1,"3":1,"4":1,"5":1,"6":1,"7":1,"8":1,"9":0,"10":0,"11":1,"12":0,"13":0,"14":0,"15":0,"16":0,"17":0,"18":0,"19":0,"20":0,"21":1,"22":1,"23":1,"24":1,"25":1,"26":0,"27":1,"28":1,"29":1,"30":1,"31":0,"32":0,"33":0,"34":0,"35":0,"36":1,"37":0,"38":0,"39":0,"40":0,"41":0,"42":0,"43":0,"44":0,"45":0,"46":1,"47":1,"48":1,"49":1,"50":1,"51":1,"52":1,"53":1,"54":1,"55":1,"56":1,"57":1,"58":1,"59":1,"60":1,"61":1,"62":1,"63":1,"64":1},"f":{"0":1,"1":0,"2":0,"3":0,"4":0,"5":1,"6":1,"7":0,"8":0,"9":0,"10":0,"11":0,"12":0,"13":0,"14":0,"15":0},"b":{"0":[1,0],"1":[0,0],"2":[0,0],"3":[1,0],"4":[1,0],"5":[1,0]},"_coverageSchema":"1a1c01bbd47fc00a2c39e90264f33305004495a9","hash":"f48e20fa7201f02a93f4796eb2b98fb513479902"}
,"C:\\Users\\jess_\\Desktop\\DAM\\glowcars\\src\\pages\\Registro.js": {"path":"C:\\Users\\jess_\\Desktop\\DAM\\glowcars\\src\\pages\\Registro.js","statementMap":{"0":{"start":{"line":10,"column":17},"end":{"line":199,"column":1}},"1":{"start":{"line":11,"column":21},"end":{"line":11,"column":34}},"2":{"start":{"line":12,"column":44},"end":{"line":12,"column":59}},"3":{"start":{"line":15,"column":44},"end":{"line":17,"column":6}},"4":{"start":{"line":19,"column":46},"end":{"line":21,"column":6}},"5":{"start":{"line":24,"column":32},"end":{"line":26,"column":5}},"6":{"start":{"line":25,"column":8},"end":{"line":25,"column":78}},"7":{"start":{"line":28,"column":33},"end":{"line":30,"column":5}},"8":{"start":{"line":29,"column":8},"end":{"line":29,"column":80}},"9":{"start":{"line":33,"column":27},"end":{"line":92,"column":5}},"10":{"start":{"line":34,"column":8},"end":{"line":34,"column":27}},"11":{"start":{"line":36,"column":33},"end":{"line":39,"column":9}},"12":{"start":{"line":41,"column":8},"end":{"line":91,"column":9}},"13":{"start":{"line":42,"column":26},"end":{"line":42,"column":56}},"14":{"start":{"line":43,"column":29},"end":{"line":43,"column":77}},"15":{"start":{"line":44,"column":29},"end":{"line":44,"column":54}},"16":{"start":{"line":45,"column":12},"end":{"line":45,"column":33}},"17":{"start":{"line":46,"column":12},"end":{"line":85,"column":13}},"18":{"start":{"line":47,"column":16},"end":{"line":47,"column":45}},"19":{"start":{"line":48,"column":19},"end":{"line":85,"column":13}},"20":{"start":{"line":49,"column":34},"end":{"line":49,"column":68}},"21":{"start":{"line":50,"column":31},"end":{"line":50,"column":62}},"22":{"start":{"line":51,"column":34},"end":{"line":51,"column":68}},"23":{"start":{"line":52,"column":33},"end":{"line":52,"column":66}},"24":{"start":{"line":53,"column":33},"end":{"line":53,"column":66}},"25":{"start":{"line":54,"column":28},"end":{"line":54,"column":37}},"26":{"start":{"line":55,"column":39},"end":{"line":55,"column":49}},"27":{"start":{"line":56,"column":34},"end":{"line":56,"column":132}},"28":{"start":{"line":57,"column":36},"end":{"line":57,"column":53}},"29":{"start":{"line":59,"column":37},"end":{"line":59,"column":70}},"30":{"start":{"line":60,"column":34},"end":{"line":60,"column":69}},"31":{"start":{"line":61,"column":30},"end":{"line":61,"column":61}},"32":{"start":{"line":62,"column":31},"end":{"line":62,"column":63}},"33":{"start":{"line":63,"column":29},"end":{"line":63,"column":59}},"34":{"start":{"line":64,"column":33},"end":{"line":64,"column":67}},"35":{"start":{"line":65,"column":37},"end":{"line":65,"column":126}},"36":{"start":{"line":66,"column":35},"end":{"line":66,"column":55}},"37":{"start":{"line":67,"column":16},"end":{"line":67,"column":39}},"38":{"start":{"line":68,"column":28},"end":{"line":68,"column":57}},"39":{"start":{"line":69,"column":34},"end":{"line":69,"column":76}},"40":{"start":{"line":70,"column":37},"end":{"line":80,"column":17}},"41":{"start":{"line":84,"column":16},"end":{"line":84,"column":88}},"42":{"start":{"line":86,"column":12},"end":{"line":86,"column":32}},"43":{"start":{"line":89,"column":12},"end":{"line":89,"column":58}},"44":{"start":{"line":90,"column":12},"end":{"line":90,"column":59}},"45":{"start":{"line":94,"column":4},"end":{"line":198,"column":6}},"46":{"start":{"line":121,"column":36},"end":{"line":123,"column":37}},"47":{"start":{"line":122,"column":40},"end":{"line":122,"column":84}},"48":{"start":{"line":143,"column":51},"end":{"line":143,"column":81}},"49":{"start":{"line":177,"column":36},"end":{"line":179,"column":37}},"50":{"start":{"line":178,"column":40},"end":{"line":178,"column":84}},"51":{"start":{"line":202,"column":23},"end":{"line":205,"column":1}},"52":{"start":{"line":206,"column":15},"end":{"line":209,"column":1}},"53":{"start":{"line":210,"column":27},"end":{"line":213,"column":1}},"54":{"start":{"line":214,"column":25},"end":{"line":214,"column":118}},"55":{"start":{"line":215,"column":26},"end":{"line":218,"column":1}},"56":{"start":{"line":219,"column":22},"end":{"line":219,"column":134}},"57":{"start":{"line":220,"column":24},"end":{"line":220,"column":100}},"58":{"start":{"line":221,"column":23},"end":{"line":221,"column":119}},"59":{"start":{"line":222,"column":24},"end":{"line":222,"column":121}},"60":{"start":{"line":223,"column":19},"end":{"line":223,"column":86}},"61":{"start":{"line":224,"column":19},"end":{"line":227,"column":1}},"62":{"start":{"line":228,"column":26},"end":{"line":228,"column":112}},"63":{"start":{"line":229,"column":25},"end":{"line":232,"column":1}},"64":{"start":{"line":233,"column":26},"end":{"line":239,"column":1}}},"fnMap":{"0":{"name":"(anonymous_0)","decl":{"start":{"line":10,"column":17},"end":{"line":10,"column":18}},"loc":{"start":{"line":10,"column":23},"end":{"line":199,"column":1}},"line":10},"1":{"name":"(anonymous_1)","decl":{"start":{"line":24,"column":32},"end":{"line":24,"column":33}},"loc":{"start":{"line":24,"column":39},"end":{"line":26,"column":5}},"line":24},"2":{"name":"(anonymous_2)","decl":{"start":{"line":28,"column":33},"end":{"line":28,"column":34}},"loc":{"start":{"line":28,"column":40},"end":{"line":30,"column":5}},"line":28},"3":{"name":"(anonymous_3)","decl":{"start":{"line":33,"column":27},"end":{"line":33,"column":28}},"loc":{"start":{"line":33,"column":40},"end":{"line":92,"column":5}},"line":33},"4":{"name":"(anonymous_4)","decl":{"start":{"line":120,"column":41},"end":{"line":120,"column":42}},"loc":{"start":{"line":120,"column":48},"end":{"line":124,"column":33}},"line":120},"5":{"name":"(anonymous_5)","decl":{"start":{"line":143,"column":45},"end":{"line":143,"column":46}},"loc":{"start":{"line":143,"column":51},"end":{"line":143,"column":81}},"line":143},"6":{"name":"(anonymous_6)","decl":{"start":{"line":176,"column":41},"end":{"line":176,"column":42}},"loc":{"start":{"line":176,"column":48},"end":{"line":180,"column":33}},"line":176}},"branchMap":{"0":{"loc":{"start":{"line":46,"column":12},"end":{"line":85,"column":13}},"type":"if","locations":[{"start":{"line":46,"column":12},"end":{"line":85,"column":13}},{"start":{"line":48,"column":19},"end":{"line":85,"column":13}}],"line":46},"1":{"loc":{"start":{"line":48,"column":19},"end":{"line":85,"column":13}},"type":"if","locations":[{"start":{"line":48,"column":19},"end":{"line":85,"column":13}},{"start":{},"end":{}}],"line":48},"2":{"loc":{"start":{"line":79,"column":27},"end":{"line":79,"column":67}},"type":"binary-expr","locations":[{"start":{"line":79,"column":27},"end":{"line":79,"column":47}},{"start":{"line":79,"column":51},"end":{"line":79,"column":67}}],"line":79},"3":{"loc":{"start":{"line":121,"column":36},"end":{"line":123,"column":37}},"type":"if","locations":[{"start":{"line":121,"column":36},"end":{"line":123,"column":37}},{"start":{},"end":{}}],"line":121},"4":{"loc":{"start":{"line":134,"column":42},"end":{"line":134,"column":76}},"type":"cond-expr","locations":[{"start":{"line":134,"column":57},"end":{"line":134,"column":63}},{"start":{"line":134,"column":66},"end":{"line":134,"column":76}}],"line":134},"5":{"loc":{"start":{"line":146,"column":37},"end":{"line":146,"column":92}},"type":"cond-expr","locations":[{"start":{"line":146,"column":52},"end":{"line":146,"column":72}},{"start":{"line":146,"column":75},"end":{"line":146,"column":92}}],"line":146},"6":{"loc":{"start":{"line":177,"column":36},"end":{"line":179,"column":37}},"type":"if","locations":[{"start":{"line":177,"column":36},"end":{"line":179,"column":37}},{"start":{},"end":{}}],"line":177}},"s":{"0":1,"1":0,"2":0,"3":0,"4":0,"5":0,"6":0,"7":0,"8":0,"9":0,"10":0,"11":0,"12":0,"13":0,"14":0,"15":0,"16":0,"17":0,"18":0,"19":0,"20":0,"21":0,"22":0,"23":0,"24":0,"25":0,"26":0,"27":0,"28":0,"29":0,"30":0,"31":0,"32":0,"33":0,"34":0,"35":0,"36":0,"37":0,"38":0,"39":0,"40":0,"41":0,"42":0,"43":0,"44":0,"45":0,"46":0,"47":0,"48":0,"49":0,"50":0,"51":1,"52":1,"53":1,"54":1,"55":1,"56":1,"57":1,"58":1,"59":1,"60":1,"61":1,"62":1,"63":1,"64":1},"f":{"0":0,"1":0,"2":0,"3":0,"4":0,"5":0,"6":0},"b":{"0":[0,0],"1":[0,0],"2":[0,0],"3":[0,0],"4":[0,0],"5":[0,0],"6":[0,0]},"_coverageSchema":"1a1c01bbd47fc00a2c39e90264f33305004495a9","hash":"6380d58998d04020a5b704492891b6a0e57b4ccb"}
,"C:\\Users\\jess_\\Desktop\\DAM\\glowcars\\src\\pages\\Resenas.js": {"path":"C:\\Users\\jess_\\Desktop\\DAM\\glowcars\\src\\pages\\Resenas.js","statementMap":{"0":{"start":{"line":9,"column":16},"end":{"line":130,"column":1}},"1":{"start":{"line":10,"column":21},"end":{"line":10,"column":34}},"2":{"start":{"line":11,"column":40},"end":{"line":11,"column":55}},"3":{"start":{"line":12,"column":28},"end":{"line":12,"column":60}},"4":{"start":{"line":13,"column":34},"end":{"line":13,"column":46}},"5":{"start":{"line":15,"column":4},"end":{"line":26,"column":11}},"6":{"start":{"line":16,"column":21},"end":{"line":16,"column":74}},"7":{"start":{"line":17,"column":8},"end":{"line":24,"column":9}},"8":{"start":{"line":18,"column":12},"end":{"line":22,"column":15}},"9":{"start":{"line":23,"column":12},"end":{"line":23,"column":32}},"10":{"start":{"line":25,"column":8},"end":{"line":25,"column":23}},"11":{"start":{"line":29,"column":25},"end":{"line":52,"column":5}},"12":{"start":{"line":30,"column":8},"end":{"line":51,"column":9}},"13":{"start":{"line":31,"column":31},"end":{"line":31,"column":61}},"14":{"start":{"line":32,"column":31},"end":{"line":32,"column":58}},"15":{"start":{"line":35,"column":37},"end":{"line":45,"column":15}},"16":{"start":{"line":35,"column":63},"end":{"line":45,"column":13}},"17":{"start":{"line":47,"column":12},"end":{"line":47,"column":41}},"18":{"start":{"line":50,"column":12},"end":{"line":50,"column":60}},"19":{"start":{"line":53,"column":25},"end":{"line":65,"column":5}},"20":{"start":{"line":54,"column":8},"end":{"line":54,"column":33}},"21":{"start":{"line":54,"column":23},"end":{"line":54,"column":33}},"22":{"start":{"line":56,"column":21},"end":{"line":56,"column":39}},"23":{"start":{"line":57,"column":8},"end":{"line":57,"column":45}},"24":{"start":{"line":57,"column":35},"end":{"line":57,"column":45}},"25":{"start":{"line":60,"column":21},"end":{"line":60,"column":42}},"26":{"start":{"line":61,"column":22},"end":{"line":61,"column":69}},"27":{"start":{"line":62,"column":20},"end":{"line":62,"column":62}},"28":{"start":{"line":64,"column":8},"end":{"line":64,"column":41}},"29":{"start":{"line":67,"column":4},"end":{"line":129,"column":6}},"30":{"start":{"line":79,"column":80},"end":{"line":79,"column":102}},"31":{"start":{"line":83,"column":84},"end":{"line":83,"column":102}},"32":{"start":{"line":92,"column":28},"end":{"line":119,"column":34}},"33":{"start":{"line":95,"column":40},"end":{"line":97,"column":104}},"34":{"start":{"line":114,"column":63},"end":{"line":114,"column":117}},"35":{"start":{"line":133,"column":27},"end":{"line":133,"column":142}},"36":{"start":{"line":134,"column":25},"end":{"line":134,"column":101}},"37":{"start":{"line":135,"column":23},"end":{"line":135,"column":60}},"38":{"start":{"line":136,"column":22},"end":{"line":136,"column":89}},"39":{"start":{"line":137,"column":24},"end":{"line":137,"column":63}},"40":{"start":{"line":140,"column":29},"end":{"line":153,"column":1}},"41":{"start":{"line":156,"column":33},"end":{"line":167,"column":1}},"42":{"start":{"line":169,"column":20},"end":{"line":169,"column":84}},"43":{"start":{"line":170,"column":18},"end":{"line":173,"column":1}},"44":{"start":{"line":174,"column":17},"end":{"line":174,"column":64}},"45":{"start":{"line":175,"column":19},"end":{"line":175,"column":94}},"46":{"start":{"line":176,"column":17},"end":{"line":179,"column":1}},"47":{"start":{"line":180,"column":16},"end":{"line":180,"column":70}},"48":{"start":{"line":181,"column":21},"end":{"line":184,"column":1}},"49":{"start":{"line":185,"column":17},"end":{"line":185,"column":59}},"50":{"start":{"line":186,"column":17},"end":{"line":186,"column":76}},"51":{"start":{"line":187,"column":17},"end":{"line":187,"column":96}}},"fnMap":{"0":{"name":"(anonymous_0)","decl":{"start":{"line":9,"column":16},"end":{"line":9,"column":17}},"loc":{"start":{"line":9,"column":22},"end":{"line":130,"column":1}},"line":9},"1":{"name":"(anonymous_1)","decl":{"start":{"line":15,"column":14},"end":{"line":15,"column":15}},"loc":{"start":{"line":15,"column":20},"end":{"line":26,"column":5}},"line":15},"2":{"name":"(anonymous_2)","decl":{"start":{"line":29,"column":25},"end":{"line":29,"column":26}},"loc":{"start":{"line":29,"column":37},"end":{"line":52,"column":5}},"line":29},"3":{"name":"(anonymous_3)","decl":{"start":{"line":35,"column":57},"end":{"line":35,"column":58}},"loc":{"start":{"line":35,"column":63},"end":{"line":45,"column":13}},"line":35},"4":{"name":"(anonymous_4)","decl":{"start":{"line":53,"column":25},"end":{"line":53,"column":26}},"loc":{"start":{"line":53,"column":39},"end":{"line":65,"column":5}},"line":53},"5":{"name":"(anonymous_5)","decl":{"start":{"line":79,"column":74},"end":{"line":79,"column":75}},"loc":{"start":{"line":79,"column":80},"end":{"line":79,"column":102}},"line":79},"6":{"name":"(anonymous_6)","decl":{"start":{"line":83,"column":78},"end":{"line":83,"column":79}},"loc":{"start":{"line":83,"column":84},"end":{"line":83,"column":102}},"line":83},"7":{"name":"(anonymous_7)","decl":{"start":{"line":91,"column":37},"end":{"line":91,"column":38}},"loc":{"start":{"line":92,"column":28},"end":{"line":119,"column":34}},"line":92},"8":{"name":"(anonymous_8)","decl":{"start":{"line":94,"column":55},"end":{"line":94,"column":56}},"loc":{"start":{"line":95,"column":40},"end":{"line":97,"column":104}},"line":95},"9":{"name":"(anonymous_9)","decl":{"start":{"line":114,"column":57},"end":{"line":114,"column":58}},"loc":{"start":{"line":114,"column":63},"end":{"line":114,"column":117}},"line":114}},"branchMap":{"0":{"loc":{"start":{"line":17,"column":8},"end":{"line":24,"column":9}},"type":"if","locations":[{"start":{"line":17,"column":8},"end":{"line":24,"column":9}},{"start":{},"end":{}}],"line":17},"1":{"loc":{"start":{"line":40,"column":39},"end":{"line":40,"column":56}},"type":"binary-expr","locations":[{"start":{"line":40,"column":39},"end":{"line":40,"column":50}},{"start":{"line":40,"column":54},"end":{"line":40,"column":56}}],"line":40},"2":{"loc":{"start":{"line":42,"column":24},"end":{"line":42,"column":39}},"type":"binary-expr","locations":[{"start":{"line":42,"column":24},"end":{"line":42,"column":32}},{"start":{"line":42,"column":36},"end":{"line":42,"column":39}}],"line":42},"3":{"loc":{"start":{"line":44,"column":25},"end":{"line":44,"column":45}},"type":"binary-expr","locations":[{"start":{"line":44,"column":25},"end":{"line":44,"column":38}},{"start":{"line":44,"column":42},"end":{"line":44,"column":45}}],"line":44},"4":{"loc":{"start":{"line":44,"column":64},"end":{"line":44,"column":86}},"type":"binary-expr","locations":[{"start":{"line":44,"column":64},"end":{"line":44,"column":80}},{"start":{"line":44,"column":84},"end":{"line":44,"column":86}}],"line":44},"5":{"loc":{"start":{"line":54,"column":8},"end":{"line":54,"column":33}},"type":"if","locations":[{"start":{"line":54,"column":8},"end":{"line":54,"column":33}},{"start":{},"end":{}}],"line":54},"6":{"loc":{"start":{"line":57,"column":8},"end":{"line":57,"column":45}},"type":"if","locations":[{"start":{"line":57,"column":8},"end":{"line":57,"column":45}},{"start":{},"end":{}}],"line":57},"7":{"loc":{"start":{"line":78,"column":25},"end":{"line":86,"column":25}},"type":"cond-expr","locations":[{"start":{"line":79,"column":28},"end":{"line":81,"column":37}},{"start":{"line":83,"column":28},"end":{"line":85,"column":37}}],"line":78},"8":{"loc":{"start":{"line":96,"column":50},"end":{"line":96,"column":97}},"type":"cond-expr","locations":[{"start":{"line":96,"column":79},"end":{"line":96,"column":88}},{"start":{"line":96,"column":91},"end":{"line":96,"column":97}}],"line":96},"9":{"loc":{"start":{"line":97,"column":51},"end":{"line":97,"column":101}},"type":"cond-expr","locations":[{"start":{"line":97,"column":80},"end":{"line":97,"column":89}},{"start":{"line":97,"column":92},"end":{"line":97,"column":101}}],"line":97},"10":{"loc":{"start":{"line":108,"column":37},"end":{"line":117,"column":37}},"type":"binary-expr","locations":[{"start":{"line":108,"column":37},"end":{"line":108,"column":41}},{"start":{"line":108,"column":45},"end":{"line":108,"column":69}},{"start":{"line":109,"column":40},"end":{"line":116,"column":46}}],"line":108}},"s":{"0":1,"1":0,"2":0,"3":0,"4":0,"5":0,"6":0,"7":0,"8":0,"9":0,"10":0,"11":0,"12":0,"13":0,"14":0,"15":0,"16":0,"17":0,"18":0,"19":0,"20":0,"21":0,"22":0,"23":0,"24":0,"25":0,"26":0,"27":0,"28":0,"29":0,"30":0,"31":0,"32":0,"33":0,"34":0,"35":1,"36":1,"37":1,"38":1,"39":1,"40":1,"41":1,"42":1,"43":1,"44":1,"45":1,"46":1,"47":1,"48":1,"49":1,"50":1,"51":1},"f":{"0":0,"1":0,"2":0,"3":0,"4":0,"5":0,"6":0,"7":0,"8":0,"9":0},"b":{"0":[0,0],"1":[0,0],"2":[0,0],"3":[0,0],"4":[0,0],"5":[0,0],"6":[0,0],"7":[0,0],"8":[0,0],"9":[0,0],"10":[0,0,0]},"_coverageSchema":"1a1c01bbd47fc00a2c39e90264f33305004495a9","hash":"745f0e748e201752ac65ab53fb6a9b25b8ddfae2"}
,"C:\\Users\\jess_\\Desktop\\DAM\\glowcars\\src\\pages\\Servicios.js": {"path":"C:\\Users\\jess_\\Desktop\\DAM\\glowcars\\src\\pages\\Servicios.js","statementMap":{"0":{"start":{"line":9,"column":18},"end":{"line":106,"column":1}},"1":{"start":{"line":10,"column":19},"end":{"line":10,"column":32}},"2":{"start":{"line":13,"column":24},"end":{"line":15,"column":3}},"3":{"start":{"line":14,"column":4},"end":{"line":14,"column":68}},"4":{"start":{"line":17,"column":2},"end":{"line":105,"column":4}},"5":{"start":{"line":38,"column":29},"end":{"line":38,"column":59}},"6":{"start":{"line":56,"column":29},"end":{"line":56,"column":57}},"7":{"start":{"line":74,"column":29},"end":{"line":74,"column":56}},"8":{"start":{"line":92,"column":29},"end":{"line":92,"column":57}},"9":{"start":{"line":109,"column":15},"end":{"line":114,"column":1}},"10":{"start":{"line":115,"column":27},"end":{"line":118,"column":1}},"11":{"start":{"line":119,"column":25},"end":{"line":119,"column":97}},"12":{"start":{"line":120,"column":26},"end":{"line":123,"column":1}},"13":{"start":{"line":124,"column":25},"end":{"line":127,"column":1}},"14":{"start":{"line":128,"column":22},"end":{"line":128,"column":52}},"15":{"start":{"line":129,"column":23},"end":{"line":129,"column":168}},"16":{"start":{"line":130,"column":22},"end":{"line":130,"column":120}},"17":{"start":{"line":131,"column":21},"end":{"line":131,"column":98}},"18":{"start":{"line":132,"column":25},"end":{"line":136,"column":1}}},"fnMap":{"0":{"name":"(anonymous_0)","decl":{"start":{"line":9,"column":18},"end":{"line":9,"column":19}},"loc":{"start":{"line":9,"column":24},"end":{"line":106,"column":1}},"line":9},"1":{"name":"(anonymous_1)","decl":{"start":{"line":13,"column":24},"end":{"line":13,"column":25}},"loc":{"start":{"line":13,"column":44},"end":{"line":15,"column":3}},"line":13},"2":{"name":"(anonymous_2)","decl":{"start":{"line":38,"column":23},"end":{"line":38,"column":24}},"loc":{"start":{"line":38,"column":29},"end":{"line":38,"column":59}},"line":38},"3":{"name":"(anonymous_3)","decl":{"start":{"line":56,"column":23},"end":{"line":56,"column":24}},"loc":{"start":{"line":56,"column":29},"end":{"line":56,"column":57}},"line":56},"4":{"name":"(anonymous_4)","decl":{"start":{"line":74,"column":23},"end":{"line":74,"column":24}},"loc":{"start":{"line":74,"column":29},"end":{"line":74,"column":56}},"line":74},"5":{"name":"(anonymous_5)","decl":{"start":{"line":92,"column":23},"end":{"line":92,"column":24}},"loc":{"start":{"line":92,"column":29},"end":{"line":92,"column":57}},"line":92}},"branchMap":{},"s":{"0":1,"1":0,"2":0,"3":0,"4":0,"5":0,"6":0,"7":0,"8":0,"9":1,"10":1,"11":1,"12":1,"13":1,"14":1,"15":1,"16":1,"17":1,"18":1},"f":{"0":0,"1":0,"2":0,"3":0,"4":0,"5":0},"b":{},"_coverageSchema":"1a1c01bbd47fc00a2c39e90264f33305004495a9","hash":"be8cc26fdd4fd5e23fde50cef1d7f2bed3d8f2c5"}
}
